[INFO] Scanning for projects...
[INFO] 
[INFO] -----------------------< com.fpt.practical:java >-----------------------
[INFO] Building java 0.0.1-SNAPSHOT
[INFO] --------------------------------[ jar ]---------------------------------
[INFO] 
[INFO] --- maven-clean-plugin:3.1.0:clean (default-clean) @ java ---
[INFO] Deleting E:\CN9\FU_Submission_Webservice\submission\PracticalExams\Practical_Java_SE1269_20200507\Server\target
[INFO] 
[INFO] --- maven-resources-plugin:3.1.0:resources (default-resources) @ java ---
[INFO] Using 'UTF-8' encoding to copy filtered resources.
[INFO] Copying 1 resource
[INFO] Copying 0 resource
[INFO] 
[INFO] --- maven-compiler-plugin:3.8.1:compile (default-compile) @ java ---
[INFO] Changes detected - recompiling the module!
[INFO] Compiling 3 source files to E:\CN9\FU_Submission_Webservice\submission\PracticalExams\Practical_Java_SE1269_20200507\Server\target\classes
[INFO] -------------------------------------------------------------
[ERROR] COMPILATION ERROR : 
[INFO] -------------------------------------------------------------
[ERROR] /E:/CN9/FU_Submission_Webservice/submission/PracticalExams/Practical_Java_SE1269_20200507/Server/src/main/java/com/practicalexam/student/StudentWork.java:[6,21] ';' expected
[ERROR] /E:/CN9/FU_Submission_Webservice/submission/PracticalExams/Practical_Java_SE1269_20200507/Server/src/main/java/com/practicalexam/student/StudentWork.java:[14,31] ';' expected
[INFO] 2 errors 
[INFO] -------------------------------------------------------------
[INFO] ------------------------------------------------------------------------
[INFO] BUILD FAILURE
[INFO] ------------------------------------------------------------------------
[INFO] Total time:  6.760 s
[INFO] Finished at: 2020-03-19T15:19:38+07:00
[INFO] ------------------------------------------------------------------------
[ERROR] Failed to execute goal org.apache.maven.plugins:maven-compiler-plugin:3.8.1:compile (default-compile) on project java: Compilation failure: Compilation failure: 
[ERROR] /E:/CN9/FU_Submission_Webservice/submission/PracticalExams/Practical_Java_SE1269_20200507/Server/src/main/java/com/practicalexam/student/StudentWork.java:[6,21] ';' expected
[ERROR] /E:/CN9/FU_Submission_Webservice/submission/PracticalExams/Practical_Java_SE1269_20200507/Server/src/main/java/com/practicalexam/student/StudentWork.java:[14,31] ';' expected
[ERROR] -> [Help 1]
[ERROR] 
[ERROR] To see the full stack trace of the errors, re-run Maven with the -e switch.
[ERROR] Re-run Maven using the -X switch to enable full debug logging.
[ERROR] 
[ERROR] For more information about the errors and possible solutions, please read the following articles:
[ERROR] [Help 1] http://cwiki.apache.org/confluence/display/MAVEN/MojoFailureException
--------------------------------------------------------
SE63155
--------------------------------------------------------
[INFO] Scanning for projects...
[INFO] 
[INFO] -----------------------< com.fpt.practical:java >-----------------------
[INFO] Building java 0.0.1-SNAPSHOT
[INFO] --------------------------------[ jar ]---------------------------------
[INFO] 
[INFO] --- maven-clean-plugin:3.1.0:clean (default-clean) @ java ---
[INFO] Deleting E:\CN9\FU_Submission_Webservice\submission\PracticalExams\Practical_Java_SE1402_20200407\Server\target
[INFO] 
[INFO] --- maven-resources-plugin:3.1.0:resources (default-resources) @ java ---
[INFO] Using 'UTF-8' encoding to copy filtered resources.
[INFO] Copying 1 resource
[INFO] Copying 0 resource
[INFO] 
[INFO] --- maven-compiler-plugin:3.8.1:compile (default-compile) @ java ---
[INFO] Changes detected - recompiling the module!
[INFO] Compiling 5 source files to E:\CN9\FU_Submission_Webservice\submission\PracticalExams\Practical_Java_SE1402_20200407\Server\target\classes
[INFO] 
[INFO] --- maven-resources-plugin:3.1.0:testResources (default-testResources) @ java ---
[INFO] Using 'UTF-8' encoding to copy filtered resources.
[INFO] skip non existing resourceDirectory E:\CN9\FU_Submission_Webservice\submission\PracticalExams\Practical_Java_SE1402_20200407\Server\src\test\resources
[INFO] 
[INFO] --- maven-compiler-plugin:3.8.1:testCompile (default-testCompile) @ java ---
[INFO] Changes detected - recompiling the module!
[INFO] Compiling 3 source files to E:\CN9\FU_Submission_Webservice\submission\PracticalExams\Practical_Java_SE1402_20200407\Server\target\test-classes
[INFO] 
[INFO] --- maven-surefire-plugin:2.22.2:test (default-test) @ java ---
[INFO] 
[INFO] -------------------------------------------------------
[INFO]  T E S T S
[INFO] -------------------------------------------------------
[INFO] Running com.practicalexam.JavaApplicationTests
16:45:44.412 [main] DEBUG org.springframework.test.context.BootstrapUtils - Instantiating CacheAwareContextLoaderDelegate from class [org.springframework.test.context.cache.DefaultCacheAwareContextLoaderDelegate]
16:45:44.450 [main] DEBUG org.springframework.test.context.BootstrapUtils - Instantiating BootstrapContext using constructor [public org.springframework.test.context.support.DefaultBootstrapContext(java.lang.Class,org.springframework.test.context.CacheAwareContextLoaderDelegate)]
16:45:44.550 [main] DEBUG org.springframework.test.context.BootstrapUtils - Instantiating TestContextBootstrapper for test class [com.practicalexam.JavaApplicationTests] from class [org.springframework.boot.test.context.SpringBootTestContextBootstrapper]
16:45:44.609 [main] INFO org.springframework.boot.test.context.SpringBootTestContextBootstrapper - Neither @ContextConfiguration nor @ContextHierarchy found for test class [com.practicalexam.JavaApplicationTests], using SpringBootContextLoader
16:45:44.622 [main] DEBUG org.springframework.test.context.support.AbstractContextLoader - Did not detect default resource location for test class [com.practicalexam.JavaApplicationTests]: class path resource [com/practicalexam/JavaApplicationTests-context.xml] does not exist
16:45:44.624 [main] DEBUG org.springframework.test.context.support.AbstractContextLoader - Did not detect default resource location for test class [com.practicalexam.JavaApplicationTests]: class path resource [com/practicalexam/JavaApplicationTestsContext.groovy] does not exist
16:45:44.624 [main] INFO org.springframework.test.context.support.AbstractContextLoader - Could not detect default resource locations for test class [com.practicalexam.JavaApplicationTests]: no resource found for suffixes {-context.xml, Context.groovy}.
16:45:44.627 [main] INFO org.springframework.test.context.support.AnnotationConfigContextLoaderUtils - Could not detect default configuration classes for test class [com.practicalexam.JavaApplicationTests]: JavaApplicationTests does not declare any static, non-private, non-final, nested classes annotated with @Configuration.
16:45:44.756 [main] DEBUG org.springframework.test.context.support.ActiveProfilesUtils - Could not find an 'annotation declaring class' for annotation type [org.springframework.test.context.ActiveProfiles] and class [com.practicalexam.JavaApplicationTests]
16:45:45.119 [main] DEBUG org.springframework.context.annotation.ClassPathScanningCandidateComponentProvider - Identified candidate component class: file [E:\CN9\FU_Submission_Webservice\submission\PracticalExams\Practical_Java_SE1402_20200407\Server\target\classes\com\practicalexam\JavaApplication.class]
16:45:45.122 [main] INFO org.springframework.boot.test.context.SpringBootTestContextBootstrapper - Found @SpringBootConfiguration com.practicalexam.JavaApplication for test class com.practicalexam.JavaApplicationTests
16:45:45.549 [main] DEBUG org.springframework.boot.test.context.SpringBootTestContextBootstrapper - @TestExecutionListeners is not present for class [com.practicalexam.JavaApplicationTests]: using defaults.
16:45:45.550 [main] INFO org.springframework.boot.test.context.SpringBootTestContextBootstrapper - Loaded default TestExecutionListener class names from location [META-INF/spring.factories]: [org.springframework.boot.test.mock.mockito.MockitoTestExecutionListener, org.springframework.boot.test.mock.mockito.ResetMocksTestExecutionListener, org.springframework.boot.test.autoconfigure.restdocs.RestDocsTestExecutionListener, org.springframework.boot.test.autoconfigure.web.client.MockRestServiceServerResetTestExecutionListener, org.springframework.boot.test.autoconfigure.web.servlet.MockMvcPrintOnlyOnFailureTestExecutionListener, org.springframework.boot.test.autoconfigure.web.servlet.WebDriverTestExecutionListener, org.springframework.test.context.web.ServletTestExecutionListener, org.springframework.test.context.support.DirtiesContextBeforeModesTestExecutionListener, org.springframework.test.context.support.DependencyInjectionTestExecutionListener, org.springframework.test.context.support.DirtiesContextTestExecutionListener, org.springframework.test.context.transaction.TransactionalTestExecutionListener, org.springframework.test.context.jdbc.SqlScriptsTestExecutionListener, org.springframework.test.context.event.EventPublishingTestExecutionListener]
16:45:45.602 [main] DEBUG org.springframework.boot.test.context.SpringBootTestContextBootstrapper - Skipping candidate TestExecutionListener [org.springframework.test.context.transaction.TransactionalTestExecutionListener] due to a missing dependency. Specify custom listener classes or make the default listener classes and their required dependencies available. Offending class: [org/springframework/transaction/interceptor/TransactionAttributeSource]
16:45:45.605 [main] DEBUG org.springframework.boot.test.context.SpringBootTestContextBootstrapper - Skipping candidate TestExecutionListener [org.springframework.test.context.jdbc.SqlScriptsTestExecutionListener] due to a missing dependency. Specify custom listener classes or make the default listener classes and their required dependencies available. Offending class: [org/springframework/transaction/interceptor/TransactionAttribute]
16:45:45.605 [main] INFO org.springframework.boot.test.context.SpringBootTestContextBootstrapper - Using TestExecutionListeners: [org.springframework.test.context.web.ServletTestExecutionListener@10fde30a, org.springframework.test.context.support.DirtiesContextBeforeModesTestExecutionListener@f27ea3, org.springframework.boot.test.mock.mockito.MockitoTestExecutionListener@1ce61929, org.springframework.boot.test.autoconfigure.SpringBootDependencyInjectionTestExecutionListener@346939bf, org.springframework.test.context.support.DirtiesContextTestExecutionListener@4bf3798b, org.springframework.test.context.event.EventPublishingTestExecutionListener@58670130, org.springframework.boot.test.mock.mockito.ResetMocksTestExecutionListener@74e47444, org.springframework.boot.test.autoconfigure.restdocs.RestDocsTestExecutionListener@9bd0fa6, org.springframework.boot.test.autoconfigure.web.client.MockRestServiceServerResetTestExecutionListener@59d2103b, org.springframework.boot.test.autoconfigure.web.servlet.MockMvcPrintOnlyOnFailureTestExecutionListener@39dcf4b0, org.springframework.boot.test.autoconfigure.web.servlet.WebDriverTestExecutionListener@6e4de19b]
16:45:45.615 [main] DEBUG org.springframework.test.context.support.AbstractDirtiesContextTestExecutionListener - Before test class: context [DefaultTestContext@7c7d3c46 testClass = JavaApplicationTests, testInstance = [null], testMethod = [null], testException = [null], mergedContextConfiguration = [WebMergedContextConfiguration@24fb6a80 testClass = JavaApplicationTests, locations = '{}', classes = '{class com.practicalexam.JavaApplication}', contextInitializerClasses = '[]', activeProfiles = '{}', propertySourceLocations = '{}', propertySourceProperties = '{org.springframework.boot.test.context.SpringBootTestContextBootstrapper=true}', contextCustomizers = set[org.springframework.boot.test.context.filter.ExcludeFilterContextCustomizer@177bea38, org.springframework.boot.test.json.DuplicateJsonObjectContextCustomizerFactory$DuplicateJsonObjectContextCustomizer@2631f68c, org.springframework.boot.test.mock.mockito.MockitoContextCustomizer@0, org.springframework.boot.test.web.client.TestRestTemplateContextCustomizer@2a62b5bc, org.springframework.boot.test.autoconfigure.properties.PropertyMappingContextCustomizer@0, org.springframework.boot.test.autoconfigure.web.servlet.WebDriverContextCustomizerFactory$Customizer@5a18cd76], resourceBasePath = 'src/main/webapp', contextLoader = 'org.springframework.boot.test.context.SpringBootContextLoader', parent = [null]], attributes = map['org.springframework.test.context.web.ServletTestExecutionListener.activateListener' -> true]], class annotated with @DirtiesContext [false] with mode [null].
16:45:45.709 [main] DEBUG org.springframework.test.context.support.TestPropertySourceUtils - Adding inlined properties to environment: {spring.jmx.enabled=false, org.springframework.boot.test.context.SpringBootTestContextBootstrapper=true, server.port=-1}

  .   ____          _            __ _ _
 /\\ / ___'_ __ _ _(_)_ __  __ _ \ \ \ \
( ( )\___ | '_ | '_| | '_ \/ _` | \ \ \ \
 \\/  ___)| |_)| | | | | || (_| |  ) ) ) )
  '  |____| .__|_| |_|_| |_\__, | / / / /
 =========|_|==============|___/=/_/_/_/
 :: Spring Boot ::        (v2.2.4.RELEASE)

2020-04-07 16:45:47.046  INFO 2976 --- [           main] com.practicalexam.JavaApplicationTests   : Starting JavaApplicationTests on THUCNHSE63155 with PID 2976 (started by HP in E:\CN9\FU_Submission_Webservice\submission\PracticalExams\Practical_Java_SE1402_20200407\Server)
2020-04-07 16:45:47.049  INFO 2976 --- [           main] com.practicalexam.JavaApplicationTests   : No active profile set, falling back to default profiles: default
2020-04-07 16:45:51.399  INFO 2976 --- [           main] trationDelegate$BeanPostProcessorChecker : Bean 'org.springframework.ws.config.annotation.DelegatingWsConfiguration' of type [org.springframework.ws.config.annotation.DelegatingWsConfiguration$$EnhancerBySpringCGLIB$$31c9ba88] is not eligible for getting processed by all BeanPostProcessors (for example: not eligible for auto-proxying)
2020-04-07 16:45:51.940  INFO 2976 --- [           main] .w.s.a.s.AnnotationActionEndpointMapping : Supporting [WS-Addressing August 2004, WS-Addressing 1.0]
2020-04-07 16:45:55.618  INFO 2976 --- [           main] o.s.s.concurrent.ThreadPoolTaskExecutor  : Initializing ExecutorService 'applicationTaskExecutor'
2020-04-07 16:45:57.001  INFO 2976 --- [           main] com.practicalexam.JavaApplicationTests   : Started JavaApplicationTests in 11.259 seconds (JVM running for 16.166)
Add a watch to the list
Input Id : 
Input Name : 
Input Manufacturer : 
Input Price : 
Inserted successfully
SE1267|1001 |nameTest1001|manufacturerTest|1000.000000
insertWatch
Test Aborted for test: insertWatch()
Input Id to search : 
Input Name : 
Input Manufacturer : 
Input Price : 
Updated successfully
SE1267|1001 |nameTest1001|manufacturerTest|1000.000000
updateWatch
Test Aborted for test: updateWatch()
Input Id to search : 
SE1267|1001 |nameTest1001|manufacturerTest|1000.000000
search
Test Aborted for test: search()
Add a watch to the list
Input Id : 
Input Name : 
Input Manufacturer : 
Input Price : 
Something wrong
SE1267|ID   |      NAME|MANUFACTURER|PRICE
SE1267|1001 |nameTest1001|manufacturerTest|1000.000000
sort
Test Aborted for test: sort()
Input Id to search : 
remove
Test Successful for test: remove()
E:\CN9\FU_Submission_Webservice\submission\PracticalExams\Practical_Java_SE1402_20200407\Server\src\test\java\com\practicalexam
E:\CN9\FU_Submission_Webservice\submission\PracticalExams\Practical_Java_SE1402_20200407\Server\src\test\java\com\practicalexam
[ERROR] Tests run: 5, Failures: 4, Errors: 0, Skipped: 0, Time elapsed: 14.424 s <<< FAILURE! - in com.practicalexam.JavaApplicationTests
[ERROR] insertWatch  Time elapsed: 1.362 s  <<< FAILURE!
org.opentest4j.AssertionFailedError: expected: <true> but was: <false>
	at com.practicalexam.JavaApplicationTests.insertWatch(EXAM_SE63155_Java_439576449.java:38)

[ERROR] updateWatch  Time elapsed: 0.033 s  <<< FAILURE!
org.opentest4j.AssertionFailedError: expected: <true> but was: <false>
	at com.practicalexam.JavaApplicationTests.updateWatch(EXAM_SE63155_Java_439576449.java:53)

[ERROR] search  Time elapsed: 0.018 s  <<< FAILURE!
org.opentest4j.AssertionFailedError: expected: <true> but was: <false>
	at com.practicalexam.JavaApplicationTests.search(EXAM_SE63155_Java_439576449.java:62)

[ERROR] sort  Time elapsed: 0.021 s  <<< FAILURE!
org.opentest4j.AssertionFailedError: expected: <true> but was: <false>
	at com.practicalexam.JavaApplicationTests.sort(EXAM_SE63155_Java_439576449.java:79)

2020-04-07 16:45:58.725  INFO 2976 --- [extShutdownHook] o.s.s.concurrent.ThreadPoolTaskExecutor  : Shutting down ExecutorService 'applicationTaskExecutor'
[INFO] 
[INFO] Results:
[INFO] 
[ERROR] Failures: 
[ERROR]   JavaApplicationTests.insertWatch:38 expected: <true> but was: <false>
[ERROR]   JavaApplicationTests.search:62 expected: <true> but was: <false>
[ERROR]   JavaApplicationTests.sort:79 expected: <true> but was: <false>
[ERROR]   JavaApplicationTests.updateWatch:53 expected: <true> but was: <false>
[INFO] 
[ERROR] Tests run: 5, Failures: 4, Errors: 0, Skipped: 0
[INFO] 
[INFO] ------------------------------------------------------------------------
[INFO] BUILD FAILURE
[INFO] ------------------------------------------------------------------------
[INFO] Total time:  32.983 s
[INFO] Finished at: 2020-04-07T16:45:59+07:00
[INFO] ------------------------------------------------------------------------
[ERROR] Failed to execute goal org.apache.maven.plugins:maven-surefire-plugin:2.22.2:test (default-test) on project java: There are test failures.
[ERROR] 
[ERROR] Please refer to E:\CN9\FU_Submission_Webservice\submission\PracticalExams\Practical_Java_SE1402_20200407\Server\target\surefire-reports for the individual test results.
[ERROR] Please refer to dump files (if any exist) [date].dump, [date]-jvmRun[N].dump and [date].dumpstream.
[ERROR] -> [Help 1]
[ERROR] 
[ERROR] To see the full stack trace of the errors, re-run Maven with the -e switch.
[ERROR] Re-run Maven using the -X switch to enable full debug logging.
[ERROR] 
[ERROR] For more information about the errors and possible solutions, please read the following articles:
[ERROR] [Help 1] http://cwiki.apache.org/confluence/display/MAVEN/MojoFailureException
--------------------------------------------------------
SE63155
--------------------------------------------------------
[INFO] Scanning for projects...
[INFO] 
[INFO] -----------------------< com.fpt.practical:java >-----------------------
[INFO] Building java 0.0.1-SNAPSHOT
[INFO] --------------------------------[ jar ]---------------------------------
[INFO] 
[INFO] --- maven-clean-plugin:3.1.0:clean (default-clean) @ java ---
[INFO] Deleting E:\CN9\FU_Submission_Webservice\submission\PracticalExams\Practical_Java_SE1402_20200407\Server\target
[INFO] 
[INFO] --- maven-resources-plugin:3.1.0:resources (default-resources) @ java ---
[INFO] Using 'UTF-8' encoding to copy filtered resources.
[INFO] Copying 1 resource
[INFO] Copying 0 resource
[INFO] 
[INFO] --- maven-compiler-plugin:3.8.1:compile (default-compile) @ java ---
[INFO] Changes detected - recompiling the module!
[INFO] Compiling 5 source files to E:\CN9\FU_Submission_Webservice\submission\PracticalExams\Practical_Java_SE1402_20200407\Server\target\classes
[INFO] 
[INFO] --- maven-resources-plugin:3.1.0:testResources (default-testResources) @ java ---
[INFO] Using 'UTF-8' encoding to copy filtered resources.
[INFO] skip non existing resourceDirectory E:\CN9\FU_Submission_Webservice\submission\PracticalExams\Practical_Java_SE1402_20200407\Server\src\test\resources
[INFO] 
[INFO] --- maven-compiler-plugin:3.8.1:testCompile (default-testCompile) @ java ---
[INFO] Changes detected - recompiling the module!
[INFO] Compiling 3 source files to E:\CN9\FU_Submission_Webservice\submission\PracticalExams\Practical_Java_SE1402_20200407\Server\target\test-classes
[INFO] 
[INFO] --- maven-surefire-plugin:2.22.2:test (default-test) @ java ---
[INFO] 
[INFO] -------------------------------------------------------
[INFO]  T E S T S
[INFO] -------------------------------------------------------
[INFO] Running com.practicalexam.JavaApplicationTests
17:31:33.638 [main] DEBUG org.springframework.test.context.BootstrapUtils - Instantiating CacheAwareContextLoaderDelegate from class [org.springframework.test.context.cache.DefaultCacheAwareContextLoaderDelegate]
17:31:33.678 [main] DEBUG org.springframework.test.context.BootstrapUtils - Instantiating BootstrapContext using constructor [public org.springframework.test.context.support.DefaultBootstrapContext(java.lang.Class,org.springframework.test.context.CacheAwareContextLoaderDelegate)]
17:31:33.764 [main] DEBUG org.springframework.test.context.BootstrapUtils - Instantiating TestContextBootstrapper for test class [com.practicalexam.JavaApplicationTests] from class [org.springframework.boot.test.context.SpringBootTestContextBootstrapper]
17:31:33.833 [main] INFO org.springframework.boot.test.context.SpringBootTestContextBootstrapper - Neither @ContextConfiguration nor @ContextHierarchy found for test class [com.practicalexam.JavaApplicationTests], using SpringBootContextLoader
17:31:33.841 [main] DEBUG org.springframework.test.context.support.AbstractContextLoader - Did not detect default resource location for test class [com.practicalexam.JavaApplicationTests]: class path resource [com/practicalexam/JavaApplicationTests-context.xml] does not exist
17:31:33.842 [main] DEBUG org.springframework.test.context.support.AbstractContextLoader - Did not detect default resource location for test class [com.practicalexam.JavaApplicationTests]: class path resource [com/practicalexam/JavaApplicationTestsContext.groovy] does not exist
17:31:33.843 [main] INFO org.springframework.test.context.support.AbstractContextLoader - Could not detect default resource locations for test class [com.practicalexam.JavaApplicationTests]: no resource found for suffixes {-context.xml, Context.groovy}.
17:31:33.844 [main] INFO org.springframework.test.context.support.AnnotationConfigContextLoaderUtils - Could not detect default configuration classes for test class [com.practicalexam.JavaApplicationTests]: JavaApplicationTests does not declare any static, non-private, non-final, nested classes annotated with @Configuration.
17:31:33.910 [main] DEBUG org.springframework.test.context.support.ActiveProfilesUtils - Could not find an 'annotation declaring class' for annotation type [org.springframework.test.context.ActiveProfiles] and class [com.practicalexam.JavaApplicationTests]
17:31:34.083 [main] DEBUG org.springframework.context.annotation.ClassPathScanningCandidateComponentProvider - Identified candidate component class: file [E:\CN9\FU_Submission_Webservice\submission\PracticalExams\Practical_Java_SE1402_20200407\Server\target\classes\com\practicalexam\JavaApplication.class]
17:31:34.086 [main] INFO org.springframework.boot.test.context.SpringBootTestContextBootstrapper - Found @SpringBootConfiguration com.practicalexam.JavaApplication for test class com.practicalexam.JavaApplicationTests
17:31:34.284 [main] DEBUG org.springframework.boot.test.context.SpringBootTestContextBootstrapper - @TestExecutionListeners is not present for class [com.practicalexam.JavaApplicationTests]: using defaults.
17:31:34.285 [main] INFO org.springframework.boot.test.context.SpringBootTestContextBootstrapper - Loaded default TestExecutionListener class names from location [META-INF/spring.factories]: [org.springframework.boot.test.mock.mockito.MockitoTestExecutionListener, org.springframework.boot.test.mock.mockito.ResetMocksTestExecutionListener, org.springframework.boot.test.autoconfigure.restdocs.RestDocsTestExecutionListener, org.springframework.boot.test.autoconfigure.web.client.MockRestServiceServerResetTestExecutionListener, org.springframework.boot.test.autoconfigure.web.servlet.MockMvcPrintOnlyOnFailureTestExecutionListener, org.springframework.boot.test.autoconfigure.web.servlet.WebDriverTestExecutionListener, org.springframework.test.context.web.ServletTestExecutionListener, org.springframework.test.context.support.DirtiesContextBeforeModesTestExecutionListener, org.springframework.test.context.support.DependencyInjectionTestExecutionListener, org.springframework.test.context.support.DirtiesContextTestExecutionListener, org.springframework.test.context.transaction.TransactionalTestExecutionListener, org.springframework.test.context.jdbc.SqlScriptsTestExecutionListener, org.springframework.test.context.event.EventPublishingTestExecutionListener]
17:31:34.302 [main] DEBUG org.springframework.boot.test.context.SpringBootTestContextBootstrapper - Skipping candidate TestExecutionListener [org.springframework.test.context.transaction.TransactionalTestExecutionListener] due to a missing dependency. Specify custom listener classes or make the default listener classes and their required dependencies available. Offending class: [org/springframework/transaction/TransactionDefinition]
17:31:34.303 [main] DEBUG org.springframework.boot.test.context.SpringBootTestContextBootstrapper - Skipping candidate TestExecutionListener [org.springframework.test.context.jdbc.SqlScriptsTestExecutionListener] due to a missing dependency. Specify custom listener classes or make the default listener classes and their required dependencies available. Offending class: [org/springframework/transaction/interceptor/TransactionAttribute]
17:31:34.303 [main] INFO org.springframework.boot.test.context.SpringBootTestContextBootstrapper - Using TestExecutionListeners: [org.springframework.test.context.web.ServletTestExecutionListener@10fde30a, org.springframework.test.context.support.DirtiesContextBeforeModesTestExecutionListener@f27ea3, org.springframework.boot.test.mock.mockito.MockitoTestExecutionListener@1ce61929, org.springframework.boot.test.autoconfigure.SpringBootDependencyInjectionTestExecutionListener@346939bf, org.springframework.test.context.support.DirtiesContextTestExecutionListener@4bf3798b, org.springframework.test.context.event.EventPublishingTestExecutionListener@58670130, org.springframework.boot.test.mock.mockito.ResetMocksTestExecutionListener@74e47444, org.springframework.boot.test.autoconfigure.restdocs.RestDocsTestExecutionListener@9bd0fa6, org.springframework.boot.test.autoconfigure.web.client.MockRestServiceServerResetTestExecutionListener@59d2103b, org.springframework.boot.test.autoconfigure.web.servlet.MockMvcPrintOnlyOnFailureTestExecutionListener@39dcf4b0, org.springframework.boot.test.autoconfigure.web.servlet.WebDriverTestExecutionListener@6e4de19b]
17:31:34.308 [main] DEBUG org.springframework.test.context.support.AbstractDirtiesContextTestExecutionListener - Before test class: context [DefaultTestContext@7c7d3c46 testClass = JavaApplicationTests, testInstance = [null], testMethod = [null], testException = [null], mergedContextConfiguration = [WebMergedContextConfiguration@24fb6a80 testClass = JavaApplicationTests, locations = '{}', classes = '{class com.practicalexam.JavaApplication}', contextInitializerClasses = '[]', activeProfiles = '{}', propertySourceLocations = '{}', propertySourceProperties = '{org.springframework.boot.test.context.SpringBootTestContextBootstrapper=true}', contextCustomizers = set[org.springframework.boot.test.context.filter.ExcludeFilterContextCustomizer@177bea38, org.springframework.boot.test.json.DuplicateJsonObjectContextCustomizerFactory$DuplicateJsonObjectContextCustomizer@2631f68c, org.springframework.boot.test.mock.mockito.MockitoContextCustomizer@0, org.springframework.boot.test.web.client.TestRestTemplateContextCustomizer@2a62b5bc, org.springframework.boot.test.autoconfigure.properties.PropertyMappingContextCustomizer@0, org.springframework.boot.test.autoconfigure.web.servlet.WebDriverContextCustomizerFactory$Customizer@5a18cd76], resourceBasePath = 'src/main/webapp', contextLoader = 'org.springframework.boot.test.context.SpringBootContextLoader', parent = [null]], attributes = map['org.springframework.test.context.web.ServletTestExecutionListener.activateListener' -> true]], class annotated with @DirtiesContext [false] with mode [null].
17:31:34.360 [main] DEBUG org.springframework.test.context.support.TestPropertySourceUtils - Adding inlined properties to environment: {spring.jmx.enabled=false, org.springframework.boot.test.context.SpringBootTestContextBootstrapper=true, server.port=-1}

  .   ____          _            __ _ _
 /\\ / ___'_ __ _ _(_)_ __  __ _ \ \ \ \
( ( )\___ | '_ | '_| | '_ \/ _` | \ \ \ \
 \\/  ___)| |_)| | | | | || (_| |  ) ) ) )
  '  |____| .__|_| |_|_| |_\__, | / / / /
 =========|_|==============|___/=/_/_/_/
 :: Spring Boot ::        (v2.2.4.RELEASE)

2020-04-07 17:31:35.641  INFO 4748 --- [           main] com.practicalexam.JavaApplicationTests   : Starting JavaApplicationTests on THUCNHSE63155 with PID 4748 (started by HP in E:\CN9\FU_Submission_Webservice\submission\PracticalExams\Practical_Java_SE1402_20200407\Server)
2020-04-07 17:31:35.644  INFO 4748 --- [           main] com.practicalexam.JavaApplicationTests   : No active profile set, falling back to default profiles: default
2020-04-07 17:31:43.887  INFO 4748 --- [           main] trationDelegate$BeanPostProcessorChecker : Bean 'org.springframework.ws.config.annotation.DelegatingWsConfiguration' of type [org.springframework.ws.config.annotation.DelegatingWsConfiguration$$EnhancerBySpringCGLIB$$de822c49] is not eligible for getting processed by all BeanPostProcessors (for example: not eligible for auto-proxying)
2020-04-07 17:31:44.179  INFO 4748 --- [           main] .w.s.a.s.AnnotationActionEndpointMapping : Supporting [WS-Addressing August 2004, WS-Addressing 1.0]
2020-04-07 17:31:46.950  INFO 4748 --- [           main] o.s.s.concurrent.ThreadPoolTaskExecutor  : Initializing ExecutorService 'applicationTaskExecutor'
2020-04-07 17:31:49.427  INFO 4748 --- [           main] com.practicalexam.JavaApplicationTests   : Started JavaApplicationTests in 15.045 seconds (JVM running for 17.685)
Add a watch to the list
Input Id : 
Input Name : 
Input Manufacturer : 
Input Price : 
Inserted successfully
SE1267|1000 |  nameTest|manufactorTest|1000.000000
insertWatch
Test Successful for test: insertWatch()
Input Id to search : 
Input Name : 
Input Manufacturer : 
Input Price : 
Updated successfully
SE1267|1000 |nameTestChanged|manufactorTest|1000.000000
updateWatch
Test Successful for test: updateWatch()
Input Id to search : 
SE1267|1000 |nameTestChanged|manufactorTest|1000.000000
search
Test Successful for test: search()
Add a watch to the list
Input Id : 
Input Name : 
Input Manufacturer : 
Input Price : 
Inserted successfully
SE1267|1001 |nameTest1001|manufactorTest|1000.000000
SE1267|ID   |      NAME|MANUFACTURER|PRICE
SE1267|1001 |nameTest1001|manufactorTest|1000.000000
SE1267|1000 |nameTestChanged|manufactorTest|1000.000000
sort
Test Successful for test: sort()
Input Id to search : 
SE1267|1000 |nameTestChanged|manufactorTest|1000.000000
remove
Test Successful for test: remove()
E:\CN9\FU_Submission_Webservice\submission\PracticalExams\Practical_Java_SE1402_20200407\Server\src\test\java\com\practicalexam
E:\CN9\FU_Submission_Webservice\submission\PracticalExams\Practical_Java_SE1402_20200407\Server\src\test\java\com\practicalexam
[INFO] Tests run: 5, Failures: 0, Errors: 0, Skipped: 0, Time elapsed: 19.916 s - in com.practicalexam.JavaApplicationTests
2020-04-07 17:31:54.632  INFO 4748 --- [extShutdownHook] o.s.s.concurrent.ThreadPoolTaskExecutor  : Shutting down ExecutorService 'applicationTaskExecutor'
[INFO] 
[INFO] Results:
[INFO] 
[INFO] Tests run: 5, Failures: 0, Errors: 0, Skipped: 0
[INFO] 
[INFO] 
[INFO] --- maven-jar-plugin:3.1.2:jar (default-jar) @ java ---
[INFO] Building jar: E:\CN9\FU_Submission_Webservice\submission\PracticalExams\Practical_Java_SE1402_20200407\Server\target\java-0.0.1-SNAPSHOT.jar
[INFO] 
[INFO] --- spring-boot-maven-plugin:2.2.4.RELEASE:repackage (repackage) @ java ---
[INFO] Replacing main artifact with repackaged archive
[INFO] ------------------------------------------------------------------------
[INFO] BUILD SUCCESS
[INFO] ------------------------------------------------------------------------
[INFO] Total time:  35.464 s
[INFO] Finished at: 2020-04-07T17:31:58+07:00
[INFO] ------------------------------------------------------------------------
--------------------------------------------------------
SE63155
--------------------------------------------------------
[INFO] Scanning for projects...
[INFO] 
[INFO] -----------------------< com.fpt.practical:java >-----------------------
[INFO] Building java 0.0.1-SNAPSHOT
[INFO] --------------------------------[ jar ]---------------------------------
[INFO] 
[INFO] --- maven-clean-plugin:3.1.0:clean (default-clean) @ java ---
[INFO] Deleting E:\CN9\FU_Submission_Webservice\submission\PracticalExams\Practical_Java_SE1402_20200407\Server\target
[INFO] 
[INFO] --- maven-resources-plugin:3.1.0:resources (default-resources) @ java ---
[INFO] Using 'UTF-8' encoding to copy filtered resources.
[INFO] Copying 1 resource
[INFO] Copying 0 resource
[INFO] 
[INFO] --- maven-compiler-plugin:3.8.1:compile (default-compile) @ java ---
[INFO] Changes detected - recompiling the module!
[INFO] Compiling 5 source files to E:\CN9\FU_Submission_Webservice\submission\PracticalExams\Practical_Java_SE1402_20200407\Server\target\classes
[INFO] 
[INFO] --- maven-resources-plugin:3.1.0:testResources (default-testResources) @ java ---
[INFO] Using 'UTF-8' encoding to copy filtered resources.
[INFO] skip non existing resourceDirectory E:\CN9\FU_Submission_Webservice\submission\PracticalExams\Practical_Java_SE1402_20200407\Server\src\test\resources
[INFO] 
[INFO] --- maven-compiler-plugin:3.8.1:testCompile (default-testCompile) @ java ---
[INFO] Changes detected - recompiling the module!
[INFO] Compiling 3 source files to E:\CN9\FU_Submission_Webservice\submission\PracticalExams\Practical_Java_SE1402_20200407\Server\target\test-classes
[INFO] 
[INFO] --- maven-surefire-plugin:2.22.2:test (default-test) @ java ---
[INFO] 
[INFO] -------------------------------------------------------
[INFO]  T E S T S
[INFO] -------------------------------------------------------
[INFO] Running com.practicalexam.JavaApplicationTests
18:09:50.886 [main] DEBUG org.springframework.test.context.BootstrapUtils - Instantiating CacheAwareContextLoaderDelegate from class [org.springframework.test.context.cache.DefaultCacheAwareContextLoaderDelegate]
18:09:50.921 [main] DEBUG org.springframework.test.context.BootstrapUtils - Instantiating BootstrapContext using constructor [public org.springframework.test.context.support.DefaultBootstrapContext(java.lang.Class,org.springframework.test.context.CacheAwareContextLoaderDelegate)]
18:09:51.009 [main] DEBUG org.springframework.test.context.BootstrapUtils - Instantiating TestContextBootstrapper for test class [com.practicalexam.JavaApplicationTests] from class [org.springframework.boot.test.context.SpringBootTestContextBootstrapper]
18:09:51.062 [main] INFO org.springframework.boot.test.context.SpringBootTestContextBootstrapper - Neither @ContextConfiguration nor @ContextHierarchy found for test class [com.practicalexam.JavaApplicationTests], using SpringBootContextLoader
18:09:51.074 [main] DEBUG org.springframework.test.context.support.AbstractContextLoader - Did not detect default resource location for test class [com.practicalexam.JavaApplicationTests]: class path resource [com/practicalexam/JavaApplicationTests-context.xml] does not exist
18:09:51.075 [main] DEBUG org.springframework.test.context.support.AbstractContextLoader - Did not detect default resource location for test class [com.practicalexam.JavaApplicationTests]: class path resource [com/practicalexam/JavaApplicationTestsContext.groovy] does not exist
18:09:51.076 [main] INFO org.springframework.test.context.support.AbstractContextLoader - Could not detect default resource locations for test class [com.practicalexam.JavaApplicationTests]: no resource found for suffixes {-context.xml, Context.groovy}.
18:09:51.078 [main] INFO org.springframework.test.context.support.AnnotationConfigContextLoaderUtils - Could not detect default configuration classes for test class [com.practicalexam.JavaApplicationTests]: JavaApplicationTests does not declare any static, non-private, non-final, nested classes annotated with @Configuration.
18:09:51.190 [main] DEBUG org.springframework.test.context.support.ActiveProfilesUtils - Could not find an 'annotation declaring class' for annotation type [org.springframework.test.context.ActiveProfiles] and class [com.practicalexam.JavaApplicationTests]
18:09:51.555 [main] DEBUG org.springframework.context.annotation.ClassPathScanningCandidateComponentProvider - Identified candidate component class: file [E:\CN9\FU_Submission_Webservice\submission\PracticalExams\Practical_Java_SE1402_20200407\Server\target\classes\com\practicalexam\JavaApplication.class]
18:09:51.557 [main] INFO org.springframework.boot.test.context.SpringBootTestContextBootstrapper - Found @SpringBootConfiguration com.practicalexam.JavaApplication for test class com.practicalexam.JavaApplicationTests
18:09:51.866 [main] DEBUG org.springframework.boot.test.context.SpringBootTestContextBootstrapper - @TestExecutionListeners is not present for class [com.practicalexam.JavaApplicationTests]: using defaults.
18:09:51.867 [main] INFO org.springframework.boot.test.context.SpringBootTestContextBootstrapper - Loaded default TestExecutionListener class names from location [META-INF/spring.factories]: [org.springframework.boot.test.mock.mockito.MockitoTestExecutionListener, org.springframework.boot.test.mock.mockito.ResetMocksTestExecutionListener, org.springframework.boot.test.autoconfigure.restdocs.RestDocsTestExecutionListener, org.springframework.boot.test.autoconfigure.web.client.MockRestServiceServerResetTestExecutionListener, org.springframework.boot.test.autoconfigure.web.servlet.MockMvcPrintOnlyOnFailureTestExecutionListener, org.springframework.boot.test.autoconfigure.web.servlet.WebDriverTestExecutionListener, org.springframework.test.context.web.ServletTestExecutionListener, org.springframework.test.context.support.DirtiesContextBeforeModesTestExecutionListener, org.springframework.test.context.support.DependencyInjectionTestExecutionListener, org.springframework.test.context.support.DirtiesContextTestExecutionListener, org.springframework.test.context.transaction.TransactionalTestExecutionListener, org.springframework.test.context.jdbc.SqlScriptsTestExecutionListener, org.springframework.test.context.event.EventPublishingTestExecutionListener]
18:09:51.901 [main] DEBUG org.springframework.boot.test.context.SpringBootTestContextBootstrapper - Skipping candidate TestExecutionListener [org.springframework.test.context.transaction.TransactionalTestExecutionListener] due to a missing dependency. Specify custom listener classes or make the default listener classes and their required dependencies available. Offending class: [org/springframework/transaction/interceptor/TransactionAttributeSource]
18:09:51.904 [main] DEBUG org.springframework.boot.test.context.SpringBootTestContextBootstrapper - Skipping candidate TestExecutionListener [org.springframework.test.context.jdbc.SqlScriptsTestExecutionListener] due to a missing dependency. Specify custom listener classes or make the default listener classes and their required dependencies available. Offending class: [org/springframework/transaction/interceptor/TransactionAttribute]
18:09:51.905 [main] INFO org.springframework.boot.test.context.SpringBootTestContextBootstrapper - Using TestExecutionListeners: [org.springframework.test.context.web.ServletTestExecutionListener@533377b, org.springframework.test.context.support.DirtiesContextBeforeModesTestExecutionListener@3383649e, org.springframework.boot.test.mock.mockito.MockitoTestExecutionListener@10fde30a, org.springframework.boot.test.autoconfigure.SpringBootDependencyInjectionTestExecutionListener@f27ea3, org.springframework.test.context.support.DirtiesContextTestExecutionListener@1ce61929, org.springframework.test.context.event.EventPublishingTestExecutionListener@346939bf, org.springframework.boot.test.mock.mockito.ResetMocksTestExecutionListener@4bf3798b, org.springframework.boot.test.autoconfigure.restdocs.RestDocsTestExecutionListener@58670130, org.springframework.boot.test.autoconfigure.web.client.MockRestServiceServerResetTestExecutionListener@74e47444, org.springframework.boot.test.autoconfigure.web.servlet.MockMvcPrintOnlyOnFailureTestExecutionListener@9bd0fa6, org.springframework.boot.test.autoconfigure.web.servlet.WebDriverTestExecutionListener@59d2103b]
18:09:51.915 [main] DEBUG org.springframework.test.context.support.AbstractDirtiesContextTestExecutionListener - Before test class: context [DefaultTestContext@7383eae2 testClass = JavaApplicationTests, testInstance = [null], testMethod = [null], testException = [null], mergedContextConfiguration = [WebMergedContextConfiguration@18245eb0 testClass = JavaApplicationTests, locations = '{}', classes = '{class com.practicalexam.JavaApplication}', contextInitializerClasses = '[]', activeProfiles = '{}', propertySourceLocations = '{}', propertySourceProperties = '{org.springframework.boot.test.context.SpringBootTestContextBootstrapper=true}', contextCustomizers = set[org.springframework.boot.test.context.filter.ExcludeFilterContextCustomizer@1921ad94, org.springframework.boot.test.json.DuplicateJsonObjectContextCustomizerFactory$DuplicateJsonObjectContextCustomizer@7f132176, org.springframework.boot.test.mock.mockito.MockitoContextCustomizer@0, org.springframework.boot.test.web.client.TestRestTemplateContextCustomizer@5e4bd84a, org.springframework.boot.test.autoconfigure.properties.PropertyMappingContextCustomizer@0, org.springframework.boot.test.autoconfigure.web.servlet.WebDriverContextCustomizerFactory$Customizer@7ac0e420], resourceBasePath = 'src/main/webapp', contextLoader = 'org.springframework.boot.test.context.SpringBootContextLoader', parent = [null]], attributes = map['org.springframework.test.context.web.ServletTestExecutionListener.activateListener' -> true]], class annotated with @DirtiesContext [false] with mode [null].
18:09:52.037 [main] DEBUG org.springframework.test.context.support.TestPropertySourceUtils - Adding inlined properties to environment: {spring.jmx.enabled=false, org.springframework.boot.test.context.SpringBootTestContextBootstrapper=true, server.port=-1}

  .   ____          _            __ _ _
 /\\ / ___'_ __ _ _(_)_ __  __ _ \ \ \ \
( ( )\___ | '_ | '_| | '_ \/ _` | \ \ \ \
 \\/  ___)| |_)| | | | | || (_| |  ) ) ) )
  '  |____| .__|_| |_|_| |_\__, | / / / /
 =========|_|==============|___/=/_/_/_/
 :: Spring Boot ::        (v2.2.4.RELEASE)

2020-04-07 18:09:52.990  INFO 4972 --- [           main] com.practicalexam.JavaApplicationTests   : Starting JavaApplicationTests on THUCNHSE63155 with PID 4972 (started by HP in E:\CN9\FU_Submission_Webservice\submission\PracticalExams\Practical_Java_SE1402_20200407\Server)
2020-04-07 18:09:52.995  INFO 4972 --- [           main] com.practicalexam.JavaApplicationTests   : No active profile set, falling back to default profiles: default
2020-04-07 18:09:56.400  INFO 4972 --- [           main] trationDelegate$BeanPostProcessorChecker : Bean 'org.springframework.ws.config.annotation.DelegatingWsConfiguration' of type [org.springframework.ws.config.annotation.DelegatingWsConfiguration$$EnhancerBySpringCGLIB$$be9c27b0] is not eligible for getting processed by all BeanPostProcessors (for example: not eligible for auto-proxying)
2020-04-07 18:09:57.927  INFO 4972 --- [           main] .w.s.a.s.AnnotationActionEndpointMapping : Supporting [WS-Addressing August 2004, WS-Addressing 1.0]
2020-04-07 18:09:59.860  INFO 4972 --- [           main] o.s.s.concurrent.ThreadPoolTaskExecutor  : Initializing ExecutorService 'applicationTaskExecutor'
2020-04-07 18:10:02.327  INFO 4972 --- [           main] com.practicalexam.JavaApplicationTests   : Started JavaApplicationTests in 10.265 seconds (JVM running for 14.093)
Add a Jewrly to the list
Input Code : 
Input Name : 
Input Brand : 
Input Price : 
1000nameTestbrandTest1000.0
Inserted successfully
|SE1431|1000 |  nameTest|brandTest|1000.000000|
insertJewelry
Test Successful for test: insertJewelry()
Update a Jewrly to the list
Input Code : 
Input Name : 
Input Brand : 
Input Price : 
Updated successfully
|SE1431|1000 |nameTestChanged|brandTestChanged|1001.000000|
updateJewelry
Test Successful for test: updateJewelry()
Search a Jewrly to the list
Input Code : 
|SE1431|1000 |nameTestChanged|brandTestChanged|1001.000000|
searchJewelry
Test Successful for test: searchJewelry()
Add a Jewrly to the list
Input Code : 
Input Name : 
Input Brand : 
Input Price : 
1001nameTest1001brandTest10011000.0
Inserted successfully
|SE1431|1001 |nameTest1001|brandTest1001|1000.000000|
|SE1431|1001 |nameTest1001|brandTest1001|1000.000000|
|SE1431|1000 |nameTestChanged|brandTestChanged|1001.000000|
sortJewelry
Test Successful for test: sortJewelry()
Search a Jewrly to the list
Input Code : 
|SE1431|1000 |nameTestChanged|brandTestChanged|1001.000000|
removeJewelry
Test Successful for test: removeJewelry()
E:\CN9\FU_Submission_Webservice\submission\PracticalExams\Practical_Java_SE1402_20200407\Server\src\test\java\com\practicalexam
E:\CN9\FU_Submission_Webservice\submission\PracticalExams\Practical_Java_SE1402_20200407\Server\src\test\java\com\practicalexam
[INFO] Tests run: 5, Failures: 0, Errors: 0, Skipped: 0, Time elapsed: 14.989 s - in com.practicalexam.JavaApplicationTests
2020-04-07 18:10:05.842  INFO 4972 --- [extShutdownHook] o.s.s.concurrent.ThreadPoolTaskExecutor  : Shutting down ExecutorService 'applicationTaskExecutor'
[INFO] 
[INFO] Results:
[INFO] 
[INFO] Tests run: 5, Failures: 0, Errors: 0, Skipped: 0
[INFO] 
[INFO] 
[INFO] --- maven-jar-plugin:3.1.2:jar (default-jar) @ java ---
[INFO] Building jar: E:\CN9\FU_Submission_Webservice\submission\PracticalExams\Practical_Java_SE1402_20200407\Server\target\java-0.0.1-SNAPSHOT.jar
[INFO] 
[INFO] --- spring-boot-maven-plugin:2.2.4.RELEASE:repackage (repackage) @ java ---
[INFO] Replacing main artifact with repackaged archive
[INFO] ------------------------------------------------------------------------
[INFO] BUILD SUCCESS
[INFO] ------------------------------------------------------------------------
[INFO] Total time:  39.653 s
[INFO] Finished at: 2020-04-07T18:10:13+07:00
[INFO] ------------------------------------------------------------------------
--------------------------------------------------------
SE63156
--------------------------------------------------------
[INFO] Scanning for projects...
[INFO] 
[INFO] -----------------------< com.fpt.practical:java >-----------------------
[INFO] Building java 0.0.1-SNAPSHOT
[INFO] --------------------------------[ jar ]---------------------------------
[INFO] 
[INFO] --- maven-clean-plugin:3.1.0:clean (default-clean) @ java ---
[INFO] Deleting E:\CN9\FU_Submission_Webservice\submission\PracticalExams\Practical_Java_SE1402_20200407\Server\target
[INFO] 
[INFO] --- maven-resources-plugin:3.1.0:resources (default-resources) @ java ---
[INFO] Using 'UTF-8' encoding to copy filtered resources.
[INFO] Copying 1 resource
[INFO] Copying 0 resource
[INFO] 
[INFO] --- maven-compiler-plugin:3.8.1:compile (default-compile) @ java ---
[INFO] Changes detected - recompiling the module!
[INFO] Compiling 7 source files to E:\CN9\FU_Submission_Webservice\submission\PracticalExams\Practical_Java_SE1402_20200407\Server\target\classes
[INFO] -------------------------------------------------------------
[ERROR] COMPILATION ERROR : 
[INFO] -------------------------------------------------------------
[ERROR] /E:/CN9/FU_Submission_Webservice/submission/PracticalExams/Practical_Java_SE1402_20200407/Server/src/main/java/com/practicalexam/student/MyToys.java:[32,5] missing return statement
[ERROR] /E:/CN9/FU_Submission_Webservice/submission/PracticalExams/Practical_Java_SE1402_20200407/Server/src/main/java/com/practicalexam/student/MyToys.java:[53,5] missing return statement
[ERROR] /E:/CN9/FU_Submission_Webservice/submission/PracticalExams/Practical_Java_SE1402_20200407/Server/src/main/java/com/practicalexam/student/MyToys.java:[67,5] missing return statement
[ERROR] /E:/CN9/FU_Submission_Webservice/submission/PracticalExams/Practical_Java_SE1402_20200407/Server/src/main/java/com/practicalexam/student/MyToys.java:[88,5] missing return statement
[ERROR] /E:/CN9/FU_Submission_Webservice/submission/PracticalExams/Practical_Java_SE1402_20200407/Server/src/main/java/com/practicalexam/student/MyToys.java:[104,5] missing return statement
[ERROR] /E:/CN9/FU_Submission_Webservice/submission/PracticalExams/Practical_Java_SE1402_20200407/Server/src/main/java/com/practicalexam/student/MyToys.java:[117,5] missing return statement
[INFO] 6 errors 
[INFO] -------------------------------------------------------------
[INFO] ------------------------------------------------------------------------
[INFO] BUILD FAILURE
[INFO] ------------------------------------------------------------------------
[INFO] Total time:  7.584 s
[INFO] Finished at: 2020-04-10T20:28:42+07:00
[INFO] ------------------------------------------------------------------------
[ERROR] Failed to execute goal org.apache.maven.plugins:maven-compiler-plugin:3.8.1:compile (default-compile) on project java: Compilation failure: Compilation failure: 
[ERROR] /E:/CN9/FU_Submission_Webservice/submission/PracticalExams/Practical_Java_SE1402_20200407/Server/src/main/java/com/practicalexam/student/MyToys.java:[32,5] missing return statement
[ERROR] /E:/CN9/FU_Submission_Webservice/submission/PracticalExams/Practical_Java_SE1402_20200407/Server/src/main/java/com/practicalexam/student/MyToys.java:[53,5] missing return statement
[ERROR] /E:/CN9/FU_Submission_Webservice/submission/PracticalExams/Practical_Java_SE1402_20200407/Server/src/main/java/com/practicalexam/student/MyToys.java:[67,5] missing return statement
[ERROR] /E:/CN9/FU_Submission_Webservice/submission/PracticalExams/Practical_Java_SE1402_20200407/Server/src/main/java/com/practicalexam/student/MyToys.java:[88,5] missing return statement
[ERROR] /E:/CN9/FU_Submission_Webservice/submission/PracticalExams/Practical_Java_SE1402_20200407/Server/src/main/java/com/practicalexam/student/MyToys.java:[104,5] missing return statement
[ERROR] /E:/CN9/FU_Submission_Webservice/submission/PracticalExams/Practical_Java_SE1402_20200407/Server/src/main/java/com/practicalexam/student/MyToys.java:[117,5] missing return statement
[ERROR] -> [Help 1]
[ERROR] 
[ERROR] To see the full stack trace of the errors, re-run Maven with the -e switch.
[ERROR] Re-run Maven using the -X switch to enable full debug logging.
[ERROR] 
[ERROR] For more information about the errors and possible solutions, please read the following articles:
[ERROR] [Help 1] http://cwiki.apache.org/confluence/display/MAVEN/MojoFailureException
--------------------------------------------------------
SE63156
--------------------------------------------------------
[INFO] Scanning for projects...
[INFO] 
[INFO] -----------------------< com.fpt.practical:java >-----------------------
[INFO] Building java 0.0.1-SNAPSHOT
[INFO] --------------------------------[ jar ]---------------------------------
[INFO] 
[INFO] --- maven-clean-plugin:3.1.0:clean (default-clean) @ java ---
[INFO] Deleting E:\CN9\FU_Submission_Webservice\submission\PracticalExams\Practical_Java_SE1402_20200407\Server\target
[INFO] 
[INFO] --- maven-resources-plugin:3.1.0:resources (default-resources) @ java ---
[INFO] Using 'UTF-8' encoding to copy filtered resources.
[INFO] Copying 1 resource
[INFO] Copying 0 resource
[INFO] 
[INFO] --- maven-compiler-plugin:3.8.1:compile (default-compile) @ java ---
[INFO] Changes detected - recompiling the module!
[INFO] Compiling 7 source files to E:\CN9\FU_Submission_Webservice\submission\PracticalExams\Practical_Java_SE1402_20200407\Server\target\classes
[INFO] 
[INFO] --- maven-resources-plugin:3.1.0:testResources (default-testResources) @ java ---
[INFO] Using 'UTF-8' encoding to copy filtered resources.
[INFO] skip non existing resourceDirectory E:\CN9\FU_Submission_Webservice\submission\PracticalExams\Practical_Java_SE1402_20200407\Server\src\test\resources
[INFO] 
[INFO] --- maven-compiler-plugin:3.8.1:testCompile (default-testCompile) @ java ---
[INFO] Changes detected - recompiling the module!
[INFO] Compiling 3 source files to E:\CN9\FU_Submission_Webservice\submission\PracticalExams\Practical_Java_SE1402_20200407\Server\target\test-classes
[INFO] Some messages have been simplified; recompile with -Xdiags:verbose to get full output
[INFO] -------------------------------------------------------------
[ERROR] COMPILATION ERROR : 
[INFO] -------------------------------------------------------------
[ERROR] /E:/CN9/FU_Submission_Webservice/submission/PracticalExams/Practical_Java_SE1402_20200407/Server/src/test/java/com/practicalexam/EXAM_SE63156_Java_439576447.java:[37,66] incompatible types: java.lang.String cannot be converted to java.lang.String[]
[ERROR] /E:/CN9/FU_Submission_Webservice/submission/PracticalExams/Practical_Java_SE1402_20200407/Server/src/test/java/com/practicalexam/EXAM_SE63156_Java_439576447.java:[53,67] incompatible types: java.lang.String cannot be converted to java.lang.String[]
[ERROR] /E:/CN9/FU_Submission_Webservice/submission/PracticalExams/Practical_Java_SE1402_20200407/Server/src/test/java/com/practicalexam/EXAM_SE63156_Java_439576447.java:[72,66] incompatible types: java.lang.String cannot be converted to java.lang.String[]
[ERROR] /E:/CN9/FU_Submission_Webservice/submission/PracticalExams/Practical_Java_SE1402_20200407/Server/src/test/java/com/practicalexam/EXAM_SE63156_Java_439576447.java:[84,66] incompatible types: java.lang.String cannot be converted to java.lang.String[]
[ERROR] /E:/CN9/FU_Submission_Webservice/submission/PracticalExams/Practical_Java_SE1402_20200407/Server/src/test/java/com/practicalexam/EXAM_SE63156_Java_439576447.java:[103,66] incompatible types: java.lang.String cannot be converted to java.lang.String[]
[ERROR] /E:/CN9/FU_Submission_Webservice/submission/PracticalExams/Practical_Java_SE1402_20200407/Server/src/test/java/com/practicalexam/EXAM_SE63156_Java_439576447.java:[114,64] incompatible types: java.lang.String cannot be converted to java.lang.String[]
[ERROR] /E:/CN9/FU_Submission_Webservice/submission/PracticalExams/Practical_Java_SE1402_20200407/Server/src/test/java/com/practicalexam/EXAM_SE63156_Java_439576447.java:[119,71] incompatible types: java.lang.String cannot be converted to java.lang.String[]
[ERROR] /E:/CN9/FU_Submission_Webservice/submission/PracticalExams/Practical_Java_SE1402_20200407/Server/src/test/java/com/practicalexam/EXAM_SE63156_Java_439576447.java:[121,13] cannot find symbol
  symbol:   method assertTrue(boolean)
  location: class com.practicalexam.JavaApplicationTests
[INFO] 8 errors 
[INFO] -------------------------------------------------------------
[INFO] ------------------------------------------------------------------------
[INFO] BUILD FAILURE
[INFO] ------------------------------------------------------------------------
[INFO] Total time:  13.474 s
[INFO] Finished at: 2020-04-10T20:32:39+07:00
[INFO] ------------------------------------------------------------------------
[ERROR] Failed to execute goal org.apache.maven.plugins:maven-compiler-plugin:3.8.1:testCompile (default-testCompile) on project java: Compilation failure: Compilation failure: 
[ERROR] /E:/CN9/FU_Submission_Webservice/submission/PracticalExams/Practical_Java_SE1402_20200407/Server/src/test/java/com/practicalexam/EXAM_SE63156_Java_439576447.java:[37,66] incompatible types: java.lang.String cannot be converted to java.lang.String[]
[ERROR] /E:/CN9/FU_Submission_Webservice/submission/PracticalExams/Practical_Java_SE1402_20200407/Server/src/test/java/com/practicalexam/EXAM_SE63156_Java_439576447.java:[53,67] incompatible types: java.lang.String cannot be converted to java.lang.String[]
[ERROR] /E:/CN9/FU_Submission_Webservice/submission/PracticalExams/Practical_Java_SE1402_20200407/Server/src/test/java/com/practicalexam/EXAM_SE63156_Java_439576447.java:[72,66] incompatible types: java.lang.String cannot be converted to java.lang.String[]
[ERROR] /E:/CN9/FU_Submission_Webservice/submission/PracticalExams/Practical_Java_SE1402_20200407/Server/src/test/java/com/practicalexam/EXAM_SE63156_Java_439576447.java:[84,66] incompatible types: java.lang.String cannot be converted to java.lang.String[]
[ERROR] /E:/CN9/FU_Submission_Webservice/submission/PracticalExams/Practical_Java_SE1402_20200407/Server/src/test/java/com/practicalexam/EXAM_SE63156_Java_439576447.java:[103,66] incompatible types: java.lang.String cannot be converted to java.lang.String[]
[ERROR] /E:/CN9/FU_Submission_Webservice/submission/PracticalExams/Practical_Java_SE1402_20200407/Server/src/test/java/com/practicalexam/EXAM_SE63156_Java_439576447.java:[114,64] incompatible types: java.lang.String cannot be converted to java.lang.String[]
[ERROR] /E:/CN9/FU_Submission_Webservice/submission/PracticalExams/Practical_Java_SE1402_20200407/Server/src/test/java/com/practicalexam/EXAM_SE63156_Java_439576447.java:[119,71] incompatible types: java.lang.String cannot be converted to java.lang.String[]
[ERROR] /E:/CN9/FU_Submission_Webservice/submission/PracticalExams/Practical_Java_SE1402_20200407/Server/src/test/java/com/practicalexam/EXAM_SE63156_Java_439576447.java:[121,13] cannot find symbol
[ERROR]   symbol:   method assertTrue(boolean)
[ERROR]   location: class com.practicalexam.JavaApplicationTests
[ERROR] -> [Help 1]
[ERROR] 
[ERROR] To see the full stack trace of the errors, re-run Maven with the -e switch.
[ERROR] Re-run Maven using the -X switch to enable full debug logging.
[ERROR] 
[ERROR] For more information about the errors and possible solutions, please read the following articles:
[ERROR] [Help 1] http://cwiki.apache.org/confluence/display/MAVEN/MojoFailureException
--------------------------------------------------------
SE63156
--------------------------------------------------------
[INFO] Scanning for projects...
[INFO] 
[INFO] -----------------------< com.fpt.practical:java >-----------------------
[INFO] Building java 0.0.1-SNAPSHOT
[INFO] --------------------------------[ jar ]---------------------------------
[INFO] 
[INFO] --- maven-clean-plugin:3.1.0:clean (default-clean) @ java ---
[INFO] Deleting E:\CN9\FU_Submission_Webservice\submission\PracticalExams\Practical_Java_SE1402_20200407\Server\target
[INFO] 
[INFO] --- maven-resources-plugin:3.1.0:resources (default-resources) @ java ---
[INFO] Using 'UTF-8' encoding to copy filtered resources.
[INFO] Copying 1 resource
[INFO] Copying 0 resource
[INFO] 
[INFO] --- maven-compiler-plugin:3.8.1:compile (default-compile) @ java ---
[INFO] Changes detected - recompiling the module!
[INFO] Compiling 7 source files to E:\CN9\FU_Submission_Webservice\submission\PracticalExams\Practical_Java_SE1402_20200407\Server\target\classes
[INFO] 
[INFO] --- maven-resources-plugin:3.1.0:testResources (default-testResources) @ java ---
[INFO] Using 'UTF-8' encoding to copy filtered resources.
[INFO] skip non existing resourceDirectory E:\CN9\FU_Submission_Webservice\submission\PracticalExams\Practical_Java_SE1402_20200407\Server\src\test\resources
[INFO] 
[INFO] --- maven-compiler-plugin:3.8.1:testCompile (default-testCompile) @ java ---
[INFO] Changes detected - recompiling the module!
[INFO] Compiling 3 source files to E:\CN9\FU_Submission_Webservice\submission\PracticalExams\Practical_Java_SE1402_20200407\Server\target\test-classes
[INFO] 
[INFO] --- maven-surefire-plugin:2.22.2:test (default-test) @ java ---
[INFO] 
[INFO] -------------------------------------------------------
[INFO]  T E S T S
[INFO] -------------------------------------------------------
[INFO] Running com.practicalexam.JavaApplicationTests
20:36:34.088 [main] DEBUG org.springframework.test.context.BootstrapUtils - Instantiating CacheAwareContextLoaderDelegate from class [org.springframework.test.context.cache.DefaultCacheAwareContextLoaderDelegate]
20:36:34.145 [main] DEBUG org.springframework.test.context.BootstrapUtils - Instantiating BootstrapContext using constructor [public org.springframework.test.context.support.DefaultBootstrapContext(java.lang.Class,org.springframework.test.context.CacheAwareContextLoaderDelegate)]
20:36:34.359 [main] DEBUG org.springframework.test.context.BootstrapUtils - Instantiating TestContextBootstrapper for test class [com.practicalexam.JavaApplicationTests] from class [org.springframework.boot.test.context.SpringBootTestContextBootstrapper]
20:36:34.445 [main] INFO org.springframework.boot.test.context.SpringBootTestContextBootstrapper - Neither @ContextConfiguration nor @ContextHierarchy found for test class [com.practicalexam.JavaApplicationTests], using SpringBootContextLoader
20:36:34.474 [main] DEBUG org.springframework.test.context.support.AbstractContextLoader - Did not detect default resource location for test class [com.practicalexam.JavaApplicationTests]: class path resource [com/practicalexam/JavaApplicationTests-context.xml] does not exist
20:36:34.475 [main] DEBUG org.springframework.test.context.support.AbstractContextLoader - Did not detect default resource location for test class [com.practicalexam.JavaApplicationTests]: class path resource [com/practicalexam/JavaApplicationTestsContext.groovy] does not exist
20:36:34.476 [main] INFO org.springframework.test.context.support.AbstractContextLoader - Could not detect default resource locations for test class [com.practicalexam.JavaApplicationTests]: no resource found for suffixes {-context.xml, Context.groovy}.
20:36:34.480 [main] INFO org.springframework.test.context.support.AnnotationConfigContextLoaderUtils - Could not detect default configuration classes for test class [com.practicalexam.JavaApplicationTests]: JavaApplicationTests does not declare any static, non-private, non-final, nested classes annotated with @Configuration.
20:36:34.633 [main] DEBUG org.springframework.test.context.support.ActiveProfilesUtils - Could not find an 'annotation declaring class' for annotation type [org.springframework.test.context.ActiveProfiles] and class [com.practicalexam.JavaApplicationTests]
20:36:35.383 [main] DEBUG org.springframework.context.annotation.ClassPathScanningCandidateComponentProvider - Identified candidate component class: file [E:\CN9\FU_Submission_Webservice\submission\PracticalExams\Practical_Java_SE1402_20200407\Server\target\classes\com\practicalexam\JavaApplication.class]
20:36:35.385 [main] INFO org.springframework.boot.test.context.SpringBootTestContextBootstrapper - Found @SpringBootConfiguration com.practicalexam.JavaApplication for test class com.practicalexam.JavaApplicationTests
20:36:36.826 [main] DEBUG org.springframework.boot.test.context.SpringBootTestContextBootstrapper - @TestExecutionListeners is not present for class [com.practicalexam.JavaApplicationTests]: using defaults.
20:36:36.827 [main] INFO org.springframework.boot.test.context.SpringBootTestContextBootstrapper - Loaded default TestExecutionListener class names from location [META-INF/spring.factories]: [org.springframework.boot.test.mock.mockito.MockitoTestExecutionListener, org.springframework.boot.test.mock.mockito.ResetMocksTestExecutionListener, org.springframework.boot.test.autoconfigure.restdocs.RestDocsTestExecutionListener, org.springframework.boot.test.autoconfigure.web.client.MockRestServiceServerResetTestExecutionListener, org.springframework.boot.test.autoconfigure.web.servlet.MockMvcPrintOnlyOnFailureTestExecutionListener, org.springframework.boot.test.autoconfigure.web.servlet.WebDriverTestExecutionListener, org.springframework.test.context.web.ServletTestExecutionListener, org.springframework.test.context.support.DirtiesContextBeforeModesTestExecutionListener, org.springframework.test.context.support.DependencyInjectionTestExecutionListener, org.springframework.test.context.support.DirtiesContextTestExecutionListener, org.springframework.test.context.transaction.TransactionalTestExecutionListener, org.springframework.test.context.jdbc.SqlScriptsTestExecutionListener, org.springframework.test.context.event.EventPublishingTestExecutionListener]
20:36:37.114 [main] DEBUG org.springframework.boot.test.context.SpringBootTestContextBootstrapper - Skipping candidate TestExecutionListener [org.springframework.test.context.transaction.TransactionalTestExecutionListener] due to a missing dependency. Specify custom listener classes or make the default listener classes and their required dependencies available. Offending class: [org/springframework/transaction/TransactionDefinition]
20:36:37.116 [main] DEBUG org.springframework.boot.test.context.SpringBootTestContextBootstrapper - Skipping candidate TestExecutionListener [org.springframework.test.context.jdbc.SqlScriptsTestExecutionListener] due to a missing dependency. Specify custom listener classes or make the default listener classes and their required dependencies available. Offending class: [org/springframework/transaction/interceptor/TransactionAttribute]
20:36:37.117 [main] INFO org.springframework.boot.test.context.SpringBootTestContextBootstrapper - Using TestExecutionListeners: [org.springframework.test.context.web.ServletTestExecutionListener@58670130, org.springframework.test.context.support.DirtiesContextBeforeModesTestExecutionListener@74e47444, org.springframework.boot.test.mock.mockito.MockitoTestExecutionListener@9bd0fa6, org.springframework.boot.test.autoconfigure.SpringBootDependencyInjectionTestExecutionListener@59d2103b, org.springframework.test.context.support.DirtiesContextTestExecutionListener@39dcf4b0, org.springframework.test.context.event.EventPublishingTestExecutionListener@6e4de19b, org.springframework.boot.test.mock.mockito.ResetMocksTestExecutionListener@f6c03cb, org.springframework.boot.test.autoconfigure.restdocs.RestDocsTestExecutionListener@46f699d5, org.springframework.boot.test.autoconfigure.web.client.MockRestServiceServerResetTestExecutionListener@18518ccf, org.springframework.boot.test.autoconfigure.web.servlet.MockMvcPrintOnlyOnFailureTestExecutionListener@1991f767, org.springframework.boot.test.autoconfigure.web.servlet.WebDriverTestExecutionListener@768ccdc5]
20:36:37.126 [main] DEBUG org.springframework.test.context.support.AbstractDirtiesContextTestExecutionListener - Before test class: context [DefaultTestContext@18f20260 testClass = JavaApplicationTests, testInstance = [null], testMethod = [null], testException = [null], mergedContextConfiguration = [WebMergedContextConfiguration@4ae33a11 testClass = JavaApplicationTests, locations = '{}', classes = '{class com.practicalexam.JavaApplication}', contextInitializerClasses = '[]', activeProfiles = '{}', propertySourceLocations = '{}', propertySourceProperties = '{org.springframework.boot.test.context.SpringBootTestContextBootstrapper=true}', contextCustomizers = set[org.springframework.boot.test.context.filter.ExcludeFilterContextCustomizer@8ad6665, org.springframework.boot.test.json.DuplicateJsonObjectContextCustomizerFactory$DuplicateJsonObjectContextCustomizer@68b32e3e, org.springframework.boot.test.mock.mockito.MockitoContextCustomizer@0, org.springframework.boot.test.web.client.TestRestTemplateContextCustomizer@4ce1d6d0, org.springframework.boot.test.autoconfigure.properties.PropertyMappingContextCustomizer@0, org.springframework.boot.test.autoconfigure.web.servlet.WebDriverContextCustomizerFactory$Customizer@6995bf68], resourceBasePath = 'src/main/webapp', contextLoader = 'org.springframework.boot.test.context.SpringBootContextLoader', parent = [null]], attributes = map['org.springframework.test.context.web.ServletTestExecutionListener.activateListener' -> true]], class annotated with @DirtiesContext [false] with mode [null].
20:36:37.674 [main] DEBUG org.springframework.test.context.support.TestPropertySourceUtils - Adding inlined properties to environment: {spring.jmx.enabled=false, org.springframework.boot.test.context.SpringBootTestContextBootstrapper=true, server.port=-1}

  .   ____          _            __ _ _
 /\\ / ___'_ __ _ _(_)_ __  __ _ \ \ \ \
( ( )\___ | '_ | '_| | '_ \/ _` | \ \ \ \
 \\/  ___)| |_)| | | | | || (_| |  ) ) ) )
  '  |____| .__|_| |_|_| |_\__, | / / / /
 =========|_|==============|___/=/_/_/_/
 :: Spring Boot ::        (v2.2.4.RELEASE)

2020-04-10 20:36:39.154  INFO 8768 --- [           main] com.practicalexam.JavaApplicationTests   : Starting JavaApplicationTests on THUCNHSE63155 with PID 8768 (started by HP in E:\CN9\FU_Submission_Webservice\submission\PracticalExams\Practical_Java_SE1402_20200407\Server)
2020-04-10 20:36:39.157  INFO 8768 --- [           main] com.practicalexam.JavaApplicationTests   : No active profile set, falling back to default profiles: default
2020-04-10 20:36:41.503  INFO 8768 --- [           main] trationDelegate$BeanPostProcessorChecker : Bean 'org.springframework.ws.config.annotation.DelegatingWsConfiguration' of type [org.springframework.ws.config.annotation.DelegatingWsConfiguration$$EnhancerBySpringCGLIB$$eca2a326] is not eligible for getting processed by all BeanPostProcessors (for example: not eligible for auto-proxying)
2020-04-10 20:36:41.692  INFO 8768 --- [           main] .w.s.a.s.AnnotationActionEndpointMapping : Supporting [WS-Addressing August 2004, WS-Addressing 1.0]
2020-04-10 20:36:43.124  INFO 8768 --- [           main] o.s.s.concurrent.ThreadPoolTaskExecutor  : Initializing ExecutorService 'applicationTaskExecutor'
2020-04-10 20:36:43.843  INFO 8768 --- [           main] com.practicalexam.JavaApplicationTests   : Started JavaApplicationTests in 5.599 seconds (JVM running for 12.514)
Input shoes info of shoes no. #1/500
Added
|IA1406|1000    |modelTest           |  10|    100.0|
insertShoes
Test Successful for test: insertShoes()
Input shoes info of shoes no. #2/500
checkDuplicatedId
Test Successful for test: checkDuplicatedId()
Input shoes info of shoes no. #3/500
Added
|IA1406|1001    |modelUpdate         |  11|   1001.0|
==========Start Update==========
Result
|IA1406|1001    |modelUpdateChanged  |  11|   1002.0|
updateShoes
Test Successful for test: updateShoes()
Input shoes info of shoes no. #4/500
Added
|IA1406|1002    |modelSearch         |  12|   1002.0|
==========Start Search==========
|IA1406|1002    |modelSearch         |  12|   1002.0|
searchShoes
Test Successful for test: searchShoes()
Input shoes info of shoes no. #5/500
Added
|IA1406|1003    |zModelSort          |  12|   1003.0|
==========Start Sort==========
Result
|IA1406|1000    |DuplicatedModel     |  10|    100.0|
|IA1406|1002    |modelSearch         |  12|   1002.0|
|IA1406|1000    |modelTest           |  10|    100.0|
|IA1406|1001    |modelUpdateChanged  |  11|   1002.0|
|IA1406|1003    |zModelSort          |  12|   1003.0|
sortShoes
Test Successful for test: sortShoes()
Input shoes info of shoes no. #6/500
Added
|IA1406|1004    |modelRemove         |  14|   1004.0|
insertShoes
------------------------------------
Deleted
removeShoes
Test Successful for test: removeShoes()
E:\CN9\FU_Submission_Webservice\submission\PracticalExams\Practical_Java_SE1402_20200407\Server\src\test\java\com\practicalexam
E:\CN9\FU_Submission_Webservice\submission\PracticalExams\Practical_Java_SE1402_20200407\Server\src\test\java\com\practicalexam
[INFO] Tests run: 6, Failures: 0, Errors: 0, Skipped: 0, Time elapsed: 11.52 s - in com.practicalexam.JavaApplicationTests
2020-04-10 20:36:45.454  INFO 8768 --- [extShutdownHook] o.s.s.concurrent.ThreadPoolTaskExecutor  : Shutting down ExecutorService 'applicationTaskExecutor'
[INFO] 
[INFO] Results:
[INFO] 
[INFO] Tests run: 6, Failures: 0, Errors: 0, Skipped: 0
[INFO] 
[INFO] 
[INFO] --- maven-jar-plugin:3.1.2:jar (default-jar) @ java ---
[INFO] Building jar: E:\CN9\FU_Submission_Webservice\submission\PracticalExams\Practical_Java_SE1402_20200407\Server\target\java-0.0.1-SNAPSHOT.jar
[INFO] 
[INFO] --- spring-boot-maven-plugin:2.2.4.RELEASE:repackage (repackage) @ java ---
[INFO] Replacing main artifact with repackaged archive
[INFO] ------------------------------------------------------------------------
[INFO] BUILD SUCCESS
[INFO] ------------------------------------------------------------------------
[INFO] Total time:  35.259 s
[INFO] Finished at: 2020-04-10T20:36:48+07:00
[INFO] ------------------------------------------------------------------------
--------------------------------------------------------
SE63156
--------------------------------------------------------
[INFO] Scanning for projects...
[INFO] 
[INFO] -----------------------< com.fpt.practical:java >-----------------------
[INFO] Building java 0.0.1-SNAPSHOT
[INFO] --------------------------------[ jar ]---------------------------------
[INFO] 
[INFO] --- maven-clean-plugin:3.1.0:clean (default-clean) @ java ---
[INFO] Deleting E:\CN9\FU_Submission_Webservice\submission\PracticalExams\Practical_Java_SE1402_20200407\Server\target
[INFO] 
[INFO] --- maven-resources-plugin:3.1.0:resources (default-resources) @ java ---
[INFO] Using 'UTF-8' encoding to copy filtered resources.
[INFO] Copying 1 resource
[INFO] Copying 0 resource
[INFO] 
[INFO] --- maven-compiler-plugin:3.8.1:compile (default-compile) @ java ---
[INFO] Changes detected - recompiling the module!
[INFO] Compiling 7 source files to E:\CN9\FU_Submission_Webservice\submission\PracticalExams\Practical_Java_SE1402_20200407\Server\target\classes
[INFO] 
[INFO] --- maven-resources-plugin:3.1.0:testResources (default-testResources) @ java ---
[INFO] Using 'UTF-8' encoding to copy filtered resources.
[INFO] skip non existing resourceDirectory E:\CN9\FU_Submission_Webservice\submission\PracticalExams\Practical_Java_SE1402_20200407\Server\src\test\resources
[INFO] 
[INFO] --- maven-compiler-plugin:3.8.1:testCompile (default-testCompile) @ java ---
[INFO] Changes detected - recompiling the module!
[INFO] Compiling 3 source files to E:\CN9\FU_Submission_Webservice\submission\PracticalExams\Practical_Java_SE1402_20200407\Server\target\test-classes
[INFO] 
[INFO] --- maven-surefire-plugin:2.22.2:test (default-test) @ java ---
[INFO] 
[INFO] -------------------------------------------------------
[INFO]  T E S T S
[INFO] -------------------------------------------------------
[INFO] Running com.practicalexam.JavaApplicationTests
20:46:50.217 [main] DEBUG org.springframework.test.context.BootstrapUtils - Instantiating CacheAwareContextLoaderDelegate from class [org.springframework.test.context.cache.DefaultCacheAwareContextLoaderDelegate]
20:46:50.243 [main] DEBUG org.springframework.test.context.BootstrapUtils - Instantiating BootstrapContext using constructor [public org.springframework.test.context.support.DefaultBootstrapContext(java.lang.Class,org.springframework.test.context.CacheAwareContextLoaderDelegate)]
20:46:50.363 [main] DEBUG org.springframework.test.context.BootstrapUtils - Instantiating TestContextBootstrapper for test class [com.practicalexam.JavaApplicationTests] from class [org.springframework.boot.test.context.SpringBootTestContextBootstrapper]
20:46:50.403 [main] INFO org.springframework.boot.test.context.SpringBootTestContextBootstrapper - Neither @ContextConfiguration nor @ContextHierarchy found for test class [com.practicalexam.JavaApplicationTests], using SpringBootContextLoader
20:46:50.413 [main] DEBUG org.springframework.test.context.support.AbstractContextLoader - Did not detect default resource location for test class [com.practicalexam.JavaApplicationTests]: class path resource [com/practicalexam/JavaApplicationTests-context.xml] does not exist
20:46:50.414 [main] DEBUG org.springframework.test.context.support.AbstractContextLoader - Did not detect default resource location for test class [com.practicalexam.JavaApplicationTests]: class path resource [com/practicalexam/JavaApplicationTestsContext.groovy] does not exist
20:46:50.415 [main] INFO org.springframework.test.context.support.AbstractContextLoader - Could not detect default resource locations for test class [com.practicalexam.JavaApplicationTests]: no resource found for suffixes {-context.xml, Context.groovy}.
20:46:50.416 [main] INFO org.springframework.test.context.support.AnnotationConfigContextLoaderUtils - Could not detect default configuration classes for test class [com.practicalexam.JavaApplicationTests]: JavaApplicationTests does not declare any static, non-private, non-final, nested classes annotated with @Configuration.
20:46:50.512 [main] DEBUG org.springframework.test.context.support.ActiveProfilesUtils - Could not find an 'annotation declaring class' for annotation type [org.springframework.test.context.ActiveProfiles] and class [com.practicalexam.JavaApplicationTests]
20:46:50.663 [main] DEBUG org.springframework.context.annotation.ClassPathScanningCandidateComponentProvider - Identified candidate component class: file [E:\CN9\FU_Submission_Webservice\submission\PracticalExams\Practical_Java_SE1402_20200407\Server\target\classes\com\practicalexam\JavaApplication.class]
20:46:50.665 [main] INFO org.springframework.boot.test.context.SpringBootTestContextBootstrapper - Found @SpringBootConfiguration com.practicalexam.JavaApplication for test class com.practicalexam.JavaApplicationTests
20:46:50.842 [main] DEBUG org.springframework.boot.test.context.SpringBootTestContextBootstrapper - @TestExecutionListeners is not present for class [com.practicalexam.JavaApplicationTests]: using defaults.
20:46:50.844 [main] INFO org.springframework.boot.test.context.SpringBootTestContextBootstrapper - Loaded default TestExecutionListener class names from location [META-INF/spring.factories]: [org.springframework.boot.test.mock.mockito.MockitoTestExecutionListener, org.springframework.boot.test.mock.mockito.ResetMocksTestExecutionListener, org.springframework.boot.test.autoconfigure.restdocs.RestDocsTestExecutionListener, org.springframework.boot.test.autoconfigure.web.client.MockRestServiceServerResetTestExecutionListener, org.springframework.boot.test.autoconfigure.web.servlet.MockMvcPrintOnlyOnFailureTestExecutionListener, org.springframework.boot.test.autoconfigure.web.servlet.WebDriverTestExecutionListener, org.springframework.test.context.web.ServletTestExecutionListener, org.springframework.test.context.support.DirtiesContextBeforeModesTestExecutionListener, org.springframework.test.context.support.DependencyInjectionTestExecutionListener, org.springframework.test.context.support.DirtiesContextTestExecutionListener, org.springframework.test.context.transaction.TransactionalTestExecutionListener, org.springframework.test.context.jdbc.SqlScriptsTestExecutionListener, org.springframework.test.context.event.EventPublishingTestExecutionListener]
20:46:50.876 [main] DEBUG org.springframework.boot.test.context.SpringBootTestContextBootstrapper - Skipping candidate TestExecutionListener [org.springframework.test.context.transaction.TransactionalTestExecutionListener] due to a missing dependency. Specify custom listener classes or make the default listener classes and their required dependencies available. Offending class: [org/springframework/transaction/interceptor/TransactionAttributeSource]
20:46:50.877 [main] DEBUG org.springframework.boot.test.context.SpringBootTestContextBootstrapper - Skipping candidate TestExecutionListener [org.springframework.test.context.jdbc.SqlScriptsTestExecutionListener] due to a missing dependency. Specify custom listener classes or make the default listener classes and their required dependencies available. Offending class: [org/springframework/transaction/interceptor/TransactionAttribute]
20:46:50.878 [main] INFO org.springframework.boot.test.context.SpringBootTestContextBootstrapper - Using TestExecutionListeners: [org.springframework.test.context.web.ServletTestExecutionListener@58670130, org.springframework.test.context.support.DirtiesContextBeforeModesTestExecutionListener@74e47444, org.springframework.boot.test.mock.mockito.MockitoTestExecutionListener@9bd0fa6, org.springframework.boot.test.autoconfigure.SpringBootDependencyInjectionTestExecutionListener@59d2103b, org.springframework.test.context.support.DirtiesContextTestExecutionListener@39dcf4b0, org.springframework.test.context.event.EventPublishingTestExecutionListener@6e4de19b, org.springframework.boot.test.mock.mockito.ResetMocksTestExecutionListener@f6c03cb, org.springframework.boot.test.autoconfigure.restdocs.RestDocsTestExecutionListener@46f699d5, org.springframework.boot.test.autoconfigure.web.client.MockRestServiceServerResetTestExecutionListener@18518ccf, org.springframework.boot.test.autoconfigure.web.servlet.MockMvcPrintOnlyOnFailureTestExecutionListener@1991f767, org.springframework.boot.test.autoconfigure.web.servlet.WebDriverTestExecutionListener@768ccdc5]
20:46:50.889 [main] DEBUG org.springframework.test.context.support.AbstractDirtiesContextTestExecutionListener - Before test class: context [DefaultTestContext@18f20260 testClass = JavaApplicationTests, testInstance = [null], testMethod = [null], testException = [null], mergedContextConfiguration = [WebMergedContextConfiguration@4ae33a11 testClass = JavaApplicationTests, locations = '{}', classes = '{class com.practicalexam.JavaApplication}', contextInitializerClasses = '[]', activeProfiles = '{}', propertySourceLocations = '{}', propertySourceProperties = '{org.springframework.boot.test.context.SpringBootTestContextBootstrapper=true}', contextCustomizers = set[org.springframework.boot.test.context.filter.ExcludeFilterContextCustomizer@8ad6665, org.springframework.boot.test.json.DuplicateJsonObjectContextCustomizerFactory$DuplicateJsonObjectContextCustomizer@68b32e3e, org.springframework.boot.test.mock.mockito.MockitoContextCustomizer@0, org.springframework.boot.test.web.client.TestRestTemplateContextCustomizer@4ce1d6d0, org.springframework.boot.test.autoconfigure.properties.PropertyMappingContextCustomizer@0, org.springframework.boot.test.autoconfigure.web.servlet.WebDriverContextCustomizerFactory$Customizer@6995bf68], resourceBasePath = 'src/main/webapp', contextLoader = 'org.springframework.boot.test.context.SpringBootContextLoader', parent = [null]], attributes = map['org.springframework.test.context.web.ServletTestExecutionListener.activateListener' -> true]], class annotated with @DirtiesContext [false] with mode [null].
20:46:50.945 [main] DEBUG org.springframework.test.context.support.TestPropertySourceUtils - Adding inlined properties to environment: {spring.jmx.enabled=false, org.springframework.boot.test.context.SpringBootTestContextBootstrapper=true, server.port=-1}

  .   ____          _            __ _ _
 /\\ / ___'_ __ _ _(_)_ __  __ _ \ \ \ \
( ( )\___ | '_ | '_| | '_ \/ _` | \ \ \ \
 \\/  ___)| |_)| | | | | || (_| |  ) ) ) )
  '  |____| .__|_| |_|_| |_\__, | / / / /
 =========|_|==============|___/=/_/_/_/
 :: Spring Boot ::        (v2.2.4.RELEASE)

2020-04-10 20:46:52.015  INFO 6588 --- [           main] com.practicalexam.JavaApplicationTests   : Starting JavaApplicationTests on THUCNHSE63155 with PID 6588 (started by HP in E:\CN9\FU_Submission_Webservice\submission\PracticalExams\Practical_Java_SE1402_20200407\Server)
2020-04-10 20:46:52.025  INFO 6588 --- [           main] com.practicalexam.JavaApplicationTests   : No active profile set, falling back to default profiles: default
2020-04-10 20:46:54.183  INFO 6588 --- [           main] trationDelegate$BeanPostProcessorChecker : Bean 'org.springframework.ws.config.annotation.DelegatingWsConfiguration' of type [org.springframework.ws.config.annotation.DelegatingWsConfiguration$$EnhancerBySpringCGLIB$$aa6cbb16] is not eligible for getting processed by all BeanPostProcessors (for example: not eligible for auto-proxying)
2020-04-10 20:46:54.331  INFO 6588 --- [           main] .w.s.a.s.AnnotationActionEndpointMapping : Supporting [WS-Addressing August 2004, WS-Addressing 1.0]
2020-04-10 20:46:55.378  INFO 6588 --- [           main] o.s.s.concurrent.ThreadPoolTaskExecutor  : Initializing ExecutorService 'applicationTaskExecutor'
2020-04-10 20:46:57.296  INFO 6588 --- [           main] com.practicalexam.JavaApplicationTests   : Started JavaApplicationTests in 6.332 seconds (JVM running for 8.836)
Input shoes info of shoes no. #1/500
Added
|IA1406|1000    |modelTest           |  10|    100.0|
insertShoes
Test Successful for test: insertShoes()
Input shoes info of shoes no. #2/500
checkDuplicatedId
Test Successful for test: checkDuplicatedId()
Input shoes info of shoes no. #3/500
Added
|IA1406|1001    |modelUpdate         |  11|   1001.0|
==========Start Update==========
Result
|IA1406|1001    |modelUpdateChanged  |  11|   1002.0|
updateShoes
Test Successful for test: updateShoes()
Input shoes info of shoes no. #4/500
Added
|IA1406|1002    |modelSearch         |  12|   1002.0|
==========Start Search==========
|IA1406|1002    |modelSearch         |  12|   1002.0|
searchShoes
Test Successful for test: searchShoes()
Input shoes info of shoes no. #5/500
Added
|IA1406|1003    |zModelSort          |  12|   1003.0|
==========Start Sort==========
Result
|IA1406|1000    |DuplicatedModel     |  10|    100.0|
|IA1406|1002    |modelSearch         |  12|   1002.0|
|IA1406|1000    |modelTest           |  10|    100.0|
|IA1406|1001    |modelUpdateChanged  |  11|   1002.0|
|IA1406|1003    |zModelSort          |  12|   1003.0|
sortShoes
Test Successful for test: sortShoes()
Input shoes info of shoes no. #6/500
Added
|IA1406|1004    |modelRemove         |  14|   1004.0|
insertShoes
------------------------------------
Deleted
removeShoes
Test Successful for test: removeShoes()
E:\CN9\FU_Submission_Webservice\submission\PracticalExams\Practical_Java_SE1402_20200407\Server\src\test\java\com\practicalexam
E:\CN9\FU_Submission_Webservice\submission\PracticalExams\Practical_Java_SE1402_20200407\Server\src\test\java\com\practicalexam
[INFO] Tests run: 6, Failures: 0, Errors: 0, Skipped: 0, Time elapsed: 8.55 s - in com.practicalexam.JavaApplicationTests
2020-04-10 20:46:58.721  INFO 6588 --- [extShutdownHook] o.s.s.concurrent.ThreadPoolTaskExecutor  : Shutting down ExecutorService 'applicationTaskExecutor'
[INFO] 
[INFO] Results:
[INFO] 
[INFO] Tests run: 6, Failures: 0, Errors: 0, Skipped: 0
[INFO] 
[INFO] 
[INFO] --- maven-jar-plugin:3.1.2:jar (default-jar) @ java ---
[INFO] Building jar: E:\CN9\FU_Submission_Webservice\submission\PracticalExams\Practical_Java_SE1402_20200407\Server\target\java-0.0.1-SNAPSHOT.jar
[INFO] 
[INFO] --- spring-boot-maven-plugin:2.2.4.RELEASE:repackage (repackage) @ java ---
[INFO] Replacing main artifact with repackaged archive
[INFO] ------------------------------------------------------------------------
[INFO] BUILD SUCCESS
[INFO] ------------------------------------------------------------------------
[INFO] Total time:  25.353 s
[INFO] Finished at: 2020-04-10T20:47:01+07:00
[INFO] ------------------------------------------------------------------------
--------------------------------------------------------
SE1140043
--------------------------------------------------------
[INFO] Scanning for projects...
[INFO] 
[INFO] -----------------------< com.fpt.practical:java >-----------------------
[INFO] Building java 0.0.1-SNAPSHOT
[INFO] --------------------------------[ jar ]---------------------------------
[INFO] 
[INFO] --- maven-clean-plugin:3.1.0:clean (default-clean) @ java ---
[INFO] Deleting E:\CN9\FU_Submission_Webservice\submission\PracticalExams\Practical_Java_SE1402_20200407\Server\target
[INFO] 
[INFO] --- maven-resources-plugin:3.1.0:resources (default-resources) @ java ---
[INFO] Using 'UTF-8' encoding to copy filtered resources.
[INFO] Copying 1 resource
[INFO] Copying 0 resource
[INFO] 
[INFO] --- maven-compiler-plugin:3.8.1:compile (default-compile) @ java ---
[INFO] Changes detected - recompiling the module!
[INFO] Compiling 5 source files to E:\CN9\FU_Submission_Webservice\submission\PracticalExams\Practical_Java_SE1402_20200407\Server\target\classes
[INFO] -------------------------------------------------------------
[ERROR] COMPILATION ERROR : 
[INFO] -------------------------------------------------------------
[ERROR] /E:/CN9/FU_Submission_Webservice/submission/PracticalExams/Practical_Java_SE1402_20200407/Server/src/main/java/com/practicalexam/student/Cabinet.java:[5,12] package util does not exist
[ERROR] /E:/CN9/FU_Submission_Webservice/submission/PracticalExams/Practical_Java_SE1402_20200407/Server/src/main/java/com/practicalexam/student/Cabinet.java:[15,36] illegal forward reference
[INFO] 2 errors 
[INFO] -------------------------------------------------------------
[INFO] ------------------------------------------------------------------------
[INFO] BUILD FAILURE
[INFO] ------------------------------------------------------------------------
[INFO] Total time:  6.355 s
[INFO] Finished at: 2020-04-10T20:53:10+07:00
[INFO] ------------------------------------------------------------------------
[ERROR] Failed to execute goal org.apache.maven.plugins:maven-compiler-plugin:3.8.1:compile (default-compile) on project java: Compilation failure: Compilation failure: 
[ERROR] /E:/CN9/FU_Submission_Webservice/submission/PracticalExams/Practical_Java_SE1402_20200407/Server/src/main/java/com/practicalexam/student/Cabinet.java:[5,12] package util does not exist
[ERROR] /E:/CN9/FU_Submission_Webservice/submission/PracticalExams/Practical_Java_SE1402_20200407/Server/src/main/java/com/practicalexam/student/Cabinet.java:[15,36] illegal forward reference
[ERROR] -> [Help 1]
[ERROR] 
[ERROR] To see the full stack trace of the errors, re-run Maven with the -e switch.
[ERROR] Re-run Maven using the -X switch to enable full debug logging.
[ERROR] 
[ERROR] For more information about the errors and possible solutions, please read the following articles:
[ERROR] [Help 1] http://cwiki.apache.org/confluence/display/MAVEN/MojoFailureException
--------------------------------------------------------
SE1140043
--------------------------------------------------------
[INFO] Scanning for projects...
[INFO] 
[INFO] -----------------------< com.fpt.practical:java >-----------------------
[INFO] Building java 0.0.1-SNAPSHOT
[INFO] --------------------------------[ jar ]---------------------------------
[INFO] 
[INFO] --- maven-clean-plugin:3.1.0:clean (default-clean) @ java ---
[INFO] Deleting E:\CN9\FU_Submission_Webservice\submission\PracticalExams\Practical_Java_SE1402_20200407\Server\target
[INFO] 
[INFO] --- maven-resources-plugin:3.1.0:resources (default-resources) @ java ---
[INFO] Using 'UTF-8' encoding to copy filtered resources.
[INFO] Copying 1 resource
[INFO] Copying 0 resource
[INFO] 
[INFO] --- maven-compiler-plugin:3.8.1:compile (default-compile) @ java ---
[INFO] Changes detected - recompiling the module!
[INFO] Compiling 5 source files to E:\CN9\FU_Submission_Webservice\submission\PracticalExams\Practical_Java_SE1402_20200407\Server\target\classes
[INFO] -------------------------------------------------------------
[ERROR] COMPILATION ERROR : 
[INFO] -------------------------------------------------------------
[ERROR] /E:/CN9/FU_Submission_Webservice/submission/PracticalExams/Practical_Java_SE1402_20200407/Server/src/main/java/com/practicalexam/student/Cabinet.java:[14,36] illegal forward reference
[INFO] 1 error
[INFO] -------------------------------------------------------------
[INFO] ------------------------------------------------------------------------
[INFO] BUILD FAILURE
[INFO] ------------------------------------------------------------------------
[INFO] Total time:  5.348 s
[INFO] Finished at: 2020-04-10T20:56:26+07:00
[INFO] ------------------------------------------------------------------------
[ERROR] Failed to execute goal org.apache.maven.plugins:maven-compiler-plugin:3.8.1:compile (default-compile) on project java: Compilation failure
[ERROR] /E:/CN9/FU_Submission_Webservice/submission/PracticalExams/Practical_Java_SE1402_20200407/Server/src/main/java/com/practicalexam/student/Cabinet.java:[14,36] illegal forward reference
[ERROR] -> [Help 1]
[ERROR] 
[ERROR] To see the full stack trace of the errors, re-run Maven with the -e switch.
[ERROR] Re-run Maven using the -X switch to enable full debug logging.
[ERROR] 
[ERROR] For more information about the errors and possible solutions, please read the following articles:
[ERROR] [Help 1] http://cwiki.apache.org/confluence/display/MAVEN/MojoFailureException
--------------------------------------------------------
SE140302
--------------------------------------------------------
[INFO] Scanning for projects...
[INFO] 
[INFO] -----------------------< com.fpt.practical:java >-----------------------
[INFO] Building java 0.0.1-SNAPSHOT
[INFO] --------------------------------[ jar ]---------------------------------
[INFO] 
[INFO] --- maven-clean-plugin:3.1.0:clean (default-clean) @ java ---
[INFO] Deleting E:\CN9\FU_Submission_Webservice\submission\PracticalExams\Practical_Java_SE1402_20200407\Server\target
[INFO] 
[INFO] --- maven-resources-plugin:3.1.0:resources (default-resources) @ java ---
[INFO] Using 'UTF-8' encoding to copy filtered resources.
[INFO] Copying 1 resource
[INFO] Copying 0 resource
[INFO] 
[INFO] --- maven-compiler-plugin:3.8.1:compile (default-compile) @ java ---
[INFO] Changes detected - recompiling the module!
[INFO] Compiling 5 source files to E:\CN9\FU_Submission_Webservice\submission\PracticalExams\Practical_Java_SE1402_20200407\Server\target\classes
[INFO] /E:/CN9/FU_Submission_Webservice/submission/PracticalExams/Practical_Java_SE1402_20200407/Server/src/main/java/com/practicalexam/student/Cabinet.java: E:\CN9\FU_Submission_Webservice\submission\PracticalExams\Practical_Java_SE1402_20200407\Server\src\main\java\com\practicalexam\student\Cabinet.java uses unchecked or unsafe operations.
[INFO] /E:/CN9/FU_Submission_Webservice/submission/PracticalExams/Practical_Java_SE1402_20200407/Server/src/main/java/com/practicalexam/student/Cabinet.java: Recompile with -Xlint:unchecked for details.
[INFO] 
[INFO] --- maven-resources-plugin:3.1.0:testResources (default-testResources) @ java ---
[INFO] Using 'UTF-8' encoding to copy filtered resources.
[INFO] skip non existing resourceDirectory E:\CN9\FU_Submission_Webservice\submission\PracticalExams\Practical_Java_SE1402_20200407\Server\src\test\resources
[INFO] 
[INFO] --- maven-compiler-plugin:3.8.1:testCompile (default-testCompile) @ java ---
[INFO] Changes detected - recompiling the module!
[INFO] Compiling 3 source files to E:\CN9\FU_Submission_Webservice\submission\PracticalExams\Practical_Java_SE1402_20200407\Server\target\test-classes
[INFO] 
[INFO] --- maven-surefire-plugin:2.22.2:test (default-test) @ java ---
[INFO] 
[INFO] -------------------------------------------------------
[INFO]  T E S T S
[INFO] -------------------------------------------------------
[INFO] Running com.practicalexam.JavaApplicationTests
21:27:45.176 [main] DEBUG org.springframework.test.context.BootstrapUtils - Instantiating CacheAwareContextLoaderDelegate from class [org.springframework.test.context.cache.DefaultCacheAwareContextLoaderDelegate]
21:27:45.207 [main] DEBUG org.springframework.test.context.BootstrapUtils - Instantiating BootstrapContext using constructor [public org.springframework.test.context.support.DefaultBootstrapContext(java.lang.Class,org.springframework.test.context.CacheAwareContextLoaderDelegate)]
21:27:45.294 [main] DEBUG org.springframework.test.context.BootstrapUtils - Instantiating TestContextBootstrapper for test class [com.practicalexam.JavaApplicationTests] from class [org.springframework.boot.test.context.SpringBootTestContextBootstrapper]
21:27:45.331 [main] INFO org.springframework.boot.test.context.SpringBootTestContextBootstrapper - Neither @ContextConfiguration nor @ContextHierarchy found for test class [com.practicalexam.JavaApplicationTests], using SpringBootContextLoader
21:27:45.343 [main] DEBUG org.springframework.test.context.support.AbstractContextLoader - Did not detect default resource location for test class [com.practicalexam.JavaApplicationTests]: class path resource [com/practicalexam/JavaApplicationTests-context.xml] does not exist
21:27:45.344 [main] DEBUG org.springframework.test.context.support.AbstractContextLoader - Did not detect default resource location for test class [com.practicalexam.JavaApplicationTests]: class path resource [com/practicalexam/JavaApplicationTestsContext.groovy] does not exist
21:27:45.344 [main] INFO org.springframework.test.context.support.AbstractContextLoader - Could not detect default resource locations for test class [com.practicalexam.JavaApplicationTests]: no resource found for suffixes {-context.xml, Context.groovy}.
21:27:45.346 [main] INFO org.springframework.test.context.support.AnnotationConfigContextLoaderUtils - Could not detect default configuration classes for test class [com.practicalexam.JavaApplicationTests]: JavaApplicationTests does not declare any static, non-private, non-final, nested classes annotated with @Configuration.
21:27:45.486 [main] DEBUG org.springframework.test.context.support.ActiveProfilesUtils - Could not find an 'annotation declaring class' for annotation type [org.springframework.test.context.ActiveProfiles] and class [com.practicalexam.JavaApplicationTests]
21:27:45.716 [main] DEBUG org.springframework.context.annotation.ClassPathScanningCandidateComponentProvider - Identified candidate component class: file [E:\CN9\FU_Submission_Webservice\submission\PracticalExams\Practical_Java_SE1402_20200407\Server\target\classes\com\practicalexam\JavaApplication.class]
21:27:45.719 [main] INFO org.springframework.boot.test.context.SpringBootTestContextBootstrapper - Found @SpringBootConfiguration com.practicalexam.JavaApplication for test class com.practicalexam.JavaApplicationTests
21:27:45.994 [main] DEBUG org.springframework.boot.test.context.SpringBootTestContextBootstrapper - @TestExecutionListeners is not present for class [com.practicalexam.JavaApplicationTests]: using defaults.
21:27:45.994 [main] INFO org.springframework.boot.test.context.SpringBootTestContextBootstrapper - Loaded default TestExecutionListener class names from location [META-INF/spring.factories]: [org.springframework.boot.test.mock.mockito.MockitoTestExecutionListener, org.springframework.boot.test.mock.mockito.ResetMocksTestExecutionListener, org.springframework.boot.test.autoconfigure.restdocs.RestDocsTestExecutionListener, org.springframework.boot.test.autoconfigure.web.client.MockRestServiceServerResetTestExecutionListener, org.springframework.boot.test.autoconfigure.web.servlet.MockMvcPrintOnlyOnFailureTestExecutionListener, org.springframework.boot.test.autoconfigure.web.servlet.WebDriverTestExecutionListener, org.springframework.test.context.web.ServletTestExecutionListener, org.springframework.test.context.support.DirtiesContextBeforeModesTestExecutionListener, org.springframework.test.context.support.DependencyInjectionTestExecutionListener, org.springframework.test.context.support.DirtiesContextTestExecutionListener, org.springframework.test.context.transaction.TransactionalTestExecutionListener, org.springframework.test.context.jdbc.SqlScriptsTestExecutionListener, org.springframework.test.context.event.EventPublishingTestExecutionListener]
21:27:46.014 [main] DEBUG org.springframework.boot.test.context.SpringBootTestContextBootstrapper - Skipping candidate TestExecutionListener [org.springframework.test.context.transaction.TransactionalTestExecutionListener] due to a missing dependency. Specify custom listener classes or make the default listener classes and their required dependencies available. Offending class: [org/springframework/transaction/interceptor/TransactionAttributeSource]
21:27:46.015 [main] DEBUG org.springframework.boot.test.context.SpringBootTestContextBootstrapper - Skipping candidate TestExecutionListener [org.springframework.test.context.jdbc.SqlScriptsTestExecutionListener] due to a missing dependency. Specify custom listener classes or make the default listener classes and their required dependencies available. Offending class: [org/springframework/transaction/interceptor/TransactionAttribute]
21:27:46.015 [main] INFO org.springframework.boot.test.context.SpringBootTestContextBootstrapper - Using TestExecutionListeners: [org.springframework.test.context.web.ServletTestExecutionListener@58670130, org.springframework.test.context.support.DirtiesContextBeforeModesTestExecutionListener@74e47444, org.springframework.boot.test.mock.mockito.MockitoTestExecutionListener@9bd0fa6, org.springframework.boot.test.autoconfigure.SpringBootDependencyInjectionTestExecutionListener@59d2103b, org.springframework.test.context.support.DirtiesContextTestExecutionListener@39dcf4b0, org.springframework.test.context.event.EventPublishingTestExecutionListener@6e4de19b, org.springframework.boot.test.mock.mockito.ResetMocksTestExecutionListener@f6c03cb, org.springframework.boot.test.autoconfigure.restdocs.RestDocsTestExecutionListener@46f699d5, org.springframework.boot.test.autoconfigure.web.client.MockRestServiceServerResetTestExecutionListener@18518ccf, org.springframework.boot.test.autoconfigure.web.servlet.MockMvcPrintOnlyOnFailureTestExecutionListener@1991f767, org.springframework.boot.test.autoconfigure.web.servlet.WebDriverTestExecutionListener@768ccdc5]
21:27:46.021 [main] DEBUG org.springframework.test.context.support.AbstractDirtiesContextTestExecutionListener - Before test class: context [DefaultTestContext@18f20260 testClass = JavaApplicationTests, testInstance = [null], testMethod = [null], testException = [null], mergedContextConfiguration = [WebMergedContextConfiguration@4ae33a11 testClass = JavaApplicationTests, locations = '{}', classes = '{class com.practicalexam.JavaApplication}', contextInitializerClasses = '[]', activeProfiles = '{}', propertySourceLocations = '{}', propertySourceProperties = '{org.springframework.boot.test.context.SpringBootTestContextBootstrapper=true}', contextCustomizers = set[org.springframework.boot.test.context.filter.ExcludeFilterContextCustomizer@8ad6665, org.springframework.boot.test.json.DuplicateJsonObjectContextCustomizerFactory$DuplicateJsonObjectContextCustomizer@68b32e3e, org.springframework.boot.test.mock.mockito.MockitoContextCustomizer@0, org.springframework.boot.test.web.client.TestRestTemplateContextCustomizer@4ce1d6d0, org.springframework.boot.test.autoconfigure.properties.PropertyMappingContextCustomizer@0, org.springframework.boot.test.autoconfigure.web.servlet.WebDriverContextCustomizerFactory$Customizer@6995bf68], resourceBasePath = 'src/main/webapp', contextLoader = 'org.springframework.boot.test.context.SpringBootContextLoader', parent = [null]], attributes = map['org.springframework.test.context.web.ServletTestExecutionListener.activateListener' -> true]], class annotated with @DirtiesContext [false] with mode [null].
21:27:46.096 [main] DEBUG org.springframework.test.context.support.TestPropertySourceUtils - Adding inlined properties to environment: {spring.jmx.enabled=false, org.springframework.boot.test.context.SpringBootTestContextBootstrapper=true, server.port=-1}

  .   ____          _            __ _ _
 /\\ / ___'_ __ _ _(_)_ __  __ _ \ \ \ \
( ( )\___ | '_ | '_| | '_ \/ _` | \ \ \ \
 \\/  ___)| |_)| | | | | || (_| |  ) ) ) )
  '  |____| .__|_| |_|_| |_\__, | / / / /
 =========|_|==============|___/=/_/_/_/
 :: Spring Boot ::        (v2.2.4.RELEASE)

2020-04-10 21:27:46.775  INFO 12732 --- [           main] com.practicalexam.JavaApplicationTests   : Starting JavaApplicationTests on THUCNHSE63155 with PID 12732 (started by HP in E:\CN9\FU_Submission_Webservice\submission\PracticalExams\Practical_Java_SE1402_20200407\Server)
2020-04-10 21:27:46.778  INFO 12732 --- [           main] com.practicalexam.JavaApplicationTests   : No active profile set, falling back to default profiles: default
2020-04-10 21:27:48.989  INFO 12732 --- [           main] trationDelegate$BeanPostProcessorChecker : Bean 'org.springframework.ws.config.annotation.DelegatingWsConfiguration' of type [org.springframework.ws.config.annotation.DelegatingWsConfiguration$$EnhancerBySpringCGLIB$$b8423da0] is not eligible for getting processed by all BeanPostProcessors (for example: not eligible for auto-proxying)
2020-04-10 21:27:49.135  INFO 12732 --- [           main] .w.s.a.s.AnnotationActionEndpointMapping : Supporting [WS-Addressing August 2004, WS-Addressing 1.0]
2020-04-10 21:27:50.213  INFO 12732 --- [           main] o.s.s.concurrent.ThreadPoolTaskExecutor  : Initializing ExecutorService 'applicationTaskExecutor'
2020-04-10 21:27:51.092  INFO 12732 --- [           main] com.practicalexam.JavaApplicationTests   : Started JavaApplicationTests in 4.978 seconds (JVM running for 7.692)
Input code : 
Input Model : 
Input Size : 
Input Price : 
A new shoe profile is added sucessfully
|IA1406|1000           ,modelTest      |  10|100.0|
insertShoes
Test Successful for test: insertShoes()
Input code : 
The shoe id already exists.PLEASE! Input another one
Input Model : 
Input Size : 
Input Price : 
A new shoe profile is added sucessfully
|IA1406|1000           ,DuplicatedModel|  10|100.0|
checkDuplicatedId
Test Aborted for test: checkDuplicatedId()
Input code : 
Input Model : 
Input Size : 
Input Price : 
A new shoe profile is added sucessfully
|IA1406|1001           ,modelUpdate    |  11|1001.0|
==========Start Update==========
Input code : 
------------------------------------
Here is the Pet before updating
|IA1406|1001           ,modelUpdate    |  11|1001.0|
You are required to input a new name
Input Model : 
Input Price : 
The pet info is updated successfully!
Here is the Shoe after updating: 
|IA1406|1001           ,modelUpdateChanged|  11|1002.0|
updateShoes
Test Successful for test: updateShoes()
Input code : 
Input Model : 
Input Size : 
Input Price : 
A new shoe profile is added sucessfully
|IA1406|1002           ,modelSearch    |  12|1002.0|
==========Start Search==========
Input code : 
------------------------------------
Here is the Shoethat you want to search
|IA1406|1002           ,modelSearch    |  12|1002.0|
searchShoes
Test Successful for test: searchShoes()
Input code : 
Input Model : 
Input Size : 
Input Price : 
A new shoe profile is added sucessfully
|IA1406|1003           ,zModelSort     |  12|1003.0|
==========Start Sort==========
------------------------------------
Here is the shoe list
|SE140302|code           |model|size|price|
|IA1406|1000           ,DuplicatedModel|  10|100.0|
|IA1406|1002           ,modelSearch    |  12|1002.0|
|IA1406|1000           ,modelTest      |  10|100.0|
|IA1406|1001           ,modelUpdateChanged|  11|1002.0|
|IA1406|1003           ,zModelSort     |  12|1003.0|
sortShoes
Test Successful for test: sortShoes()
Input code : 
Input Model : 
Input Size : 
Input Price : 
A new shoe profile is added sucessfully
|IA1406|1004           ,modelRemove    |  14|1004.0|
insertShoes
removeShoes
Test Successful for test: removeShoes()
E:\CN9\FU_Submission_Webservice\submission\PracticalExams\Practical_Java_SE1402_20200407\Server\src\test\java\com\practicalexam
E:\CN9\FU_Submission_Webservice\submission\PracticalExams\Practical_Java_SE1402_20200407\Server\src\test\java\com\practicalexam
[ERROR] Tests run: 6, Failures: 1, Errors: 0, Skipped: 0, Time elapsed: 7.337 s <<< FAILURE! - in com.practicalexam.JavaApplicationTests
[ERROR] checkDuplicatedId  Time elapsed: 0.052 s  <<< FAILURE!
org.opentest4j.AssertionFailedError: expected: <false> but was: <true>
	at com.practicalexam.JavaApplicationTests.checkDuplicatedId(EXAM_SE140302_Java_439576447.java:42)

2020-04-10 21:27:52.413  INFO 12732 --- [extShutdownHook] o.s.s.concurrent.ThreadPoolTaskExecutor  : Shutting down ExecutorService 'applicationTaskExecutor'
[INFO] 
[INFO] Results:
[INFO] 
[ERROR] Failures: 
[ERROR]   JavaApplicationTests.checkDuplicatedId:42 expected: <false> but was: <true>
[INFO] 
[ERROR] Tests run: 6, Failures: 1, Errors: 0, Skipped: 0
[INFO] 
[INFO] ------------------------------------------------------------------------
[INFO] BUILD FAILURE
[INFO] ------------------------------------------------------------------------
[INFO] Total time:  20.606 s
[INFO] Finished at: 2020-04-10T21:27:52+07:00
[INFO] ------------------------------------------------------------------------
[ERROR] Failed to execute goal org.apache.maven.plugins:maven-surefire-plugin:2.22.2:test (default-test) on project java: There are test failures.
[ERROR] 
[ERROR] Please refer to E:\CN9\FU_Submission_Webservice\submission\PracticalExams\Practical_Java_SE1402_20200407\Server\target\surefire-reports for the individual test results.
[ERROR] Please refer to dump files (if any exist) [date].dump, [date]-jvmRun[N].dump and [date].dumpstream.
[ERROR] -> [Help 1]
[ERROR] 
[ERROR] To see the full stack trace of the errors, re-run Maven with the -e switch.
[ERROR] Re-run Maven using the -X switch to enable full debug logging.
[ERROR] 
[ERROR] For more information about the errors and possible solutions, please read the following articles:
[ERROR] [Help 1] http://cwiki.apache.org/confluence/display/MAVEN/MojoFailureException
--------------------------------------------------------
SE140326
--------------------------------------------------------
[INFO] Scanning for projects...
[INFO] 
[INFO] -----------------------< com.fpt.practical:java >-----------------------
[INFO] Building java 0.0.1-SNAPSHOT
[INFO] --------------------------------[ jar ]---------------------------------
[INFO] 
[INFO] --- maven-clean-plugin:3.1.0:clean (default-clean) @ java ---
[INFO] Deleting E:\CN9\FU_Submission_Webservice\submission\PracticalExams\Practical_Java_SE1402_20200407\Server\target
[INFO] 
[INFO] --- maven-resources-plugin:3.1.0:resources (default-resources) @ java ---
[INFO] Using 'UTF-8' encoding to copy filtered resources.
[INFO] Copying 1 resource
[INFO] Copying 0 resource
[INFO] 
[INFO] --- maven-compiler-plugin:3.8.1:compile (default-compile) @ java ---
[INFO] Changes detected - recompiling the module!
[INFO] Compiling 6 source files to E:\CN9\FU_Submission_Webservice\submission\PracticalExams\Practical_Java_SE1402_20200407\Server\target\classes
[INFO] 
[INFO] --- maven-resources-plugin:3.1.0:testResources (default-testResources) @ java ---
[INFO] Using 'UTF-8' encoding to copy filtered resources.
[INFO] skip non existing resourceDirectory E:\CN9\FU_Submission_Webservice\submission\PracticalExams\Practical_Java_SE1402_20200407\Server\src\test\resources
[INFO] 
[INFO] --- maven-compiler-plugin:3.8.1:testCompile (default-testCompile) @ java ---
[INFO] Changes detected - recompiling the module!
[INFO] Compiling 3 source files to E:\CN9\FU_Submission_Webservice\submission\PracticalExams\Practical_Java_SE1402_20200407\Server\target\test-classes
[INFO] 
[INFO] --- maven-surefire-plugin:2.22.2:test (default-test) @ java ---
[INFO] 
[INFO] -------------------------------------------------------
[INFO]  T E S T S
[INFO] -------------------------------------------------------
[INFO] Running com.practicalexam.JavaApplicationTests
21:33:01.168 [main] DEBUG org.springframework.test.context.BootstrapUtils - Instantiating CacheAwareContextLoaderDelegate from class [org.springframework.test.context.cache.DefaultCacheAwareContextLoaderDelegate]
21:33:01.202 [main] DEBUG org.springframework.test.context.BootstrapUtils - Instantiating BootstrapContext using constructor [public org.springframework.test.context.support.DefaultBootstrapContext(java.lang.Class,org.springframework.test.context.CacheAwareContextLoaderDelegate)]
21:33:01.310 [main] DEBUG org.springframework.test.context.BootstrapUtils - Instantiating TestContextBootstrapper for test class [com.practicalexam.JavaApplicationTests] from class [org.springframework.boot.test.context.SpringBootTestContextBootstrapper]
21:33:01.352 [main] INFO org.springframework.boot.test.context.SpringBootTestContextBootstrapper - Neither @ContextConfiguration nor @ContextHierarchy found for test class [com.practicalexam.JavaApplicationTests], using SpringBootContextLoader
21:33:01.364 [main] DEBUG org.springframework.test.context.support.AbstractContextLoader - Did not detect default resource location for test class [com.practicalexam.JavaApplicationTests]: class path resource [com/practicalexam/JavaApplicationTests-context.xml] does not exist
21:33:01.368 [main] DEBUG org.springframework.test.context.support.AbstractContextLoader - Did not detect default resource location for test class [com.practicalexam.JavaApplicationTests]: class path resource [com/practicalexam/JavaApplicationTestsContext.groovy] does not exist
21:33:01.370 [main] INFO org.springframework.test.context.support.AbstractContextLoader - Could not detect default resource locations for test class [com.practicalexam.JavaApplicationTests]: no resource found for suffixes {-context.xml, Context.groovy}.
21:33:01.374 [main] INFO org.springframework.test.context.support.AnnotationConfigContextLoaderUtils - Could not detect default configuration classes for test class [com.practicalexam.JavaApplicationTests]: JavaApplicationTests does not declare any static, non-private, non-final, nested classes annotated with @Configuration.
21:33:01.470 [main] DEBUG org.springframework.test.context.support.ActiveProfilesUtils - Could not find an 'annotation declaring class' for annotation type [org.springframework.test.context.ActiveProfiles] and class [com.practicalexam.JavaApplicationTests]
21:33:01.648 [main] DEBUG org.springframework.context.annotation.ClassPathScanningCandidateComponentProvider - Identified candidate component class: file [E:\CN9\FU_Submission_Webservice\submission\PracticalExams\Practical_Java_SE1402_20200407\Server\target\classes\com\practicalexam\JavaApplication.class]
21:33:01.650 [main] INFO org.springframework.boot.test.context.SpringBootTestContextBootstrapper - Found @SpringBootConfiguration com.practicalexam.JavaApplication for test class com.practicalexam.JavaApplicationTests
21:33:01.923 [main] DEBUG org.springframework.boot.test.context.SpringBootTestContextBootstrapper - @TestExecutionListeners is not present for class [com.practicalexam.JavaApplicationTests]: using defaults.
21:33:01.924 [main] INFO org.springframework.boot.test.context.SpringBootTestContextBootstrapper - Loaded default TestExecutionListener class names from location [META-INF/spring.factories]: [org.springframework.boot.test.mock.mockito.MockitoTestExecutionListener, org.springframework.boot.test.mock.mockito.ResetMocksTestExecutionListener, org.springframework.boot.test.autoconfigure.restdocs.RestDocsTestExecutionListener, org.springframework.boot.test.autoconfigure.web.client.MockRestServiceServerResetTestExecutionListener, org.springframework.boot.test.autoconfigure.web.servlet.MockMvcPrintOnlyOnFailureTestExecutionListener, org.springframework.boot.test.autoconfigure.web.servlet.WebDriverTestExecutionListener, org.springframework.test.context.web.ServletTestExecutionListener, org.springframework.test.context.support.DirtiesContextBeforeModesTestExecutionListener, org.springframework.test.context.support.DependencyInjectionTestExecutionListener, org.springframework.test.context.support.DirtiesContextTestExecutionListener, org.springframework.test.context.transaction.TransactionalTestExecutionListener, org.springframework.test.context.jdbc.SqlScriptsTestExecutionListener, org.springframework.test.context.event.EventPublishingTestExecutionListener]
21:33:01.954 [main] DEBUG org.springframework.boot.test.context.SpringBootTestContextBootstrapper - Skipping candidate TestExecutionListener [org.springframework.test.context.transaction.TransactionalTestExecutionListener] due to a missing dependency. Specify custom listener classes or make the default listener classes and their required dependencies available. Offending class: [org/springframework/transaction/interceptor/TransactionAttributeSource]
21:33:01.957 [main] DEBUG org.springframework.boot.test.context.SpringBootTestContextBootstrapper - Skipping candidate TestExecutionListener [org.springframework.test.context.jdbc.SqlScriptsTestExecutionListener] due to a missing dependency. Specify custom listener classes or make the default listener classes and their required dependencies available. Offending class: [org/springframework/transaction/interceptor/TransactionAttribute]
21:33:01.958 [main] INFO org.springframework.boot.test.context.SpringBootTestContextBootstrapper - Using TestExecutionListeners: [org.springframework.test.context.web.ServletTestExecutionListener@58670130, org.springframework.test.context.support.DirtiesContextBeforeModesTestExecutionListener@74e47444, org.springframework.boot.test.mock.mockito.MockitoTestExecutionListener@9bd0fa6, org.springframework.boot.test.autoconfigure.SpringBootDependencyInjectionTestExecutionListener@59d2103b, org.springframework.test.context.support.DirtiesContextTestExecutionListener@39dcf4b0, org.springframework.test.context.event.EventPublishingTestExecutionListener@6e4de19b, org.springframework.boot.test.mock.mockito.ResetMocksTestExecutionListener@f6c03cb, org.springframework.boot.test.autoconfigure.restdocs.RestDocsTestExecutionListener@46f699d5, org.springframework.boot.test.autoconfigure.web.client.MockRestServiceServerResetTestExecutionListener@18518ccf, org.springframework.boot.test.autoconfigure.web.servlet.MockMvcPrintOnlyOnFailureTestExecutionListener@1991f767, org.springframework.boot.test.autoconfigure.web.servlet.WebDriverTestExecutionListener@768ccdc5]
21:33:01.972 [main] DEBUG org.springframework.test.context.support.AbstractDirtiesContextTestExecutionListener - Before test class: context [DefaultTestContext@18f20260 testClass = JavaApplicationTests, testInstance = [null], testMethod = [null], testException = [null], mergedContextConfiguration = [WebMergedContextConfiguration@4ae33a11 testClass = JavaApplicationTests, locations = '{}', classes = '{class com.practicalexam.JavaApplication}', contextInitializerClasses = '[]', activeProfiles = '{}', propertySourceLocations = '{}', propertySourceProperties = '{org.springframework.boot.test.context.SpringBootTestContextBootstrapper=true}', contextCustomizers = set[org.springframework.boot.test.context.filter.ExcludeFilterContextCustomizer@8ad6665, org.springframework.boot.test.json.DuplicateJsonObjectContextCustomizerFactory$DuplicateJsonObjectContextCustomizer@68b32e3e, org.springframework.boot.test.mock.mockito.MockitoContextCustomizer@0, org.springframework.boot.test.web.client.TestRestTemplateContextCustomizer@4ce1d6d0, org.springframework.boot.test.autoconfigure.properties.PropertyMappingContextCustomizer@0, org.springframework.boot.test.autoconfigure.web.servlet.WebDriverContextCustomizerFactory$Customizer@6995bf68], resourceBasePath = 'src/main/webapp', contextLoader = 'org.springframework.boot.test.context.SpringBootContextLoader', parent = [null]], attributes = map['org.springframework.test.context.web.ServletTestExecutionListener.activateListener' -> true]], class annotated with @DirtiesContext [false] with mode [null].
21:33:02.087 [main] DEBUG org.springframework.test.context.support.TestPropertySourceUtils - Adding inlined properties to environment: {spring.jmx.enabled=false, org.springframework.boot.test.context.SpringBootTestContextBootstrapper=true, server.port=-1}

  .   ____          _            __ _ _
 /\\ / ___'_ __ _ _(_)_ __  __ _ \ \ \ \
( ( )\___ | '_ | '_| | '_ \/ _` | \ \ \ \
 \\/  ___)| |_)| | | | | || (_| |  ) ) ) )
  '  |____| .__|_| |_|_| |_\__, | / / / /
 =========|_|==============|___/=/_/_/_/
 :: Spring Boot ::        (v2.2.4.RELEASE)

2020-04-10 21:33:02.773  INFO 6872 --- [           main] com.practicalexam.JavaApplicationTests   : Starting JavaApplicationTests on THUCNHSE63155 with PID 6872 (started by HP in E:\CN9\FU_Submission_Webservice\submission\PracticalExams\Practical_Java_SE1402_20200407\Server)
2020-04-10 21:33:02.779  INFO 6872 --- [           main] com.practicalexam.JavaApplicationTests   : No active profile set, falling back to default profiles: default
2020-04-10 21:33:04.840  INFO 6872 --- [           main] trationDelegate$BeanPostProcessorChecker : Bean 'org.springframework.ws.config.annotation.DelegatingWsConfiguration' of type [org.springframework.ws.config.annotation.DelegatingWsConfiguration$$EnhancerBySpringCGLIB$$98c4e900] is not eligible for getting processed by all BeanPostProcessors (for example: not eligible for auto-proxying)
2020-04-10 21:33:04.988  INFO 6872 --- [           main] .w.s.a.s.AnnotationActionEndpointMapping : Supporting [WS-Addressing August 2004, WS-Addressing 1.0]
2020-04-10 21:33:06.817  INFO 6872 --- [           main] o.s.s.concurrent.ThreadPoolTaskExecutor  : Initializing ExecutorService 'applicationTaskExecutor'
2020-04-10 21:33:08.194  INFO 6872 --- [           main] com.practicalexam.JavaApplicationTests   : Started JavaApplicationTests in 6.084 seconds (JVM running for 9.174)
Input Code : 
Input Model : 
Input Size : 
Input Price : 
|IA1406|1000      |modelTest      | 10.00|100.00|
insertShoes
Test Successful for test: insertShoes()
Input Code : 
Input Model : 
Input Size : 
Input Price : 
|IA1406|1000      |DuplicatedModel| 10.00|100.00|
checkDuplicatedId
Test Aborted for test: checkDuplicatedId()
Input Code : 
Input Model : 
Input Size : 
Input Price : 
|IA1406|1001      |modelUpdate    | 11.00|1001.00|
==========Start Update==========
Input Code : 
Here is your shoes before updating: 
|IA1406|1001      |modelUpdate    | 11.00|1001.00|
Input Model : 
Input Price : 
HERE IS YOUR SHOES AFTER UPDATING:
|IA1406|1001      |modelUpdateChanged| 11.00|1002.00|
updateShoes
Test Successful for test: updateShoes()
Input Code : 
Input Model : 
Input Size : 
Input Price : 
|IA1406|1002      |modelSearch    | 12.00|1002.00|
==========Start Search==========
Input Code : 
Here is you shoe: 
|IA1406|1002      |modelSearch    | 12.00|1002.00|
searchShoes
Test Successful for test: searchShoes()
Input Code : 
Input Model : 
Input Size : 
Input Price : 
|IA1406|1003      |zModelSort     | 12.00|1003.00|
==========Start Sort==========
The list of you shoes before sorting
|IA1406|1003      |zModelSort     | 12.00|1003.00|
Test Aborted for test: sortShoes()
Input Code : 
Input Model : 
Input Size : 
Input Price : 
|IA1406|1004      |modelRemove    | 14.00|1004.00|
insertShoes
Input Code : 
|IA1406|1004      |modelRemove    | 14.00|1004.00|
removeShoes
Test Aborted for test: removeShoes()
E:\CN9\FU_Submission_Webservice\submission\PracticalExams\Practical_Java_SE1402_20200407\Server\src\test\java\com\practicalexam
E:\CN9\FU_Submission_Webservice\submission\PracticalExams\Practical_Java_SE1402_20200407\Server\src\test\java\com\practicalexam
[ERROR] Tests run: 6, Failures: 2, Errors: 1, Skipped: 0, Time elapsed: 8.534 s <<< FAILURE! - in com.practicalexam.JavaApplicationTests
[ERROR] checkDuplicatedId  Time elapsed: 0.056 s  <<< FAILURE!
org.opentest4j.AssertionFailedError: expected: <false> but was: <true>
	at com.practicalexam.JavaApplicationTests.checkDuplicatedId(EXAM_SE140326_Java_439576447.java:42)

[ERROR] sortShoes  Time elapsed: 0.022 s  <<< ERROR!
java.lang.NullPointerException
	at com.practicalexam.JavaApplicationTests.sortShoes(EXAM_SE140326_Java_439576447.java:78)

[ERROR] removeShoes  Time elapsed: 0.068 s  <<< FAILURE!
org.opentest4j.AssertionFailedError: expected: <true> but was: <false>
	at com.practicalexam.JavaApplicationTests.removeShoes(EXAM_SE140326_Java_439576447.java:95)

2020-04-10 21:33:09.785  INFO 6872 --- [extShutdownHook] o.s.s.concurrent.ThreadPoolTaskExecutor  : Shutting down ExecutorService 'applicationTaskExecutor'
[INFO] 
[INFO] Results:
[INFO] 
[ERROR] Failures: 
[ERROR]   JavaApplicationTests.checkDuplicatedId:42 expected: <false> but was: <true>
[ERROR]   JavaApplicationTests.removeShoes:95 expected: <true> but was: <false>
[ERROR] Errors: 
[ERROR]   JavaApplicationTests.sortShoes:78 � NullPointer
[INFO] 
[ERROR] Tests run: 6, Failures: 2, Errors: 1, Skipped: 0
[INFO] 
[INFO] ------------------------------------------------------------------------
[INFO] BUILD FAILURE
[INFO] ------------------------------------------------------------------------
[INFO] Total time:  22.209 s
[INFO] Finished at: 2020-04-10T21:33:10+07:00
[INFO] ------------------------------------------------------------------------
[ERROR] Failed to execute goal org.apache.maven.plugins:maven-surefire-plugin:2.22.2:test (default-test) on project java: There are test failures.
[ERROR] 
[ERROR] Please refer to E:\CN9\FU_Submission_Webservice\submission\PracticalExams\Practical_Java_SE1402_20200407\Server\target\surefire-reports for the individual test results.
[ERROR] Please refer to dump files (if any exist) [date].dump, [date]-jvmRun[N].dump and [date].dumpstream.
[ERROR] -> [Help 1]
[ERROR] 
[ERROR] To see the full stack trace of the errors, re-run Maven with the -e switch.
[ERROR] Re-run Maven using the -X switch to enable full debug logging.
[ERROR] 
[ERROR] For more information about the errors and possible solutions, please read the following articles:
[ERROR] [Help 1] http://cwiki.apache.org/confluence/display/MAVEN/MojoFailureException
--------------------------------------------------------
SE12345
--------------------------------------------------------
[INFO] Scanning for projects...
[INFO] 
[INFO] -----------------------< com.fpt.practical:java >-----------------------
[INFO] Building java 0.0.1-SNAPSHOT
[INFO] --------------------------------[ jar ]---------------------------------
[INFO] 
[INFO] --- maven-clean-plugin:3.1.0:clean (default-clean) @ java ---
[INFO] Deleting E:\CN9\FU_Submission_Webservice\submission\PracticalExams\Practical_Java_SE1402_20200407\Server\target
[INFO] 
[INFO] --- maven-resources-plugin:3.1.0:resources (default-resources) @ java ---
[INFO] Using 'UTF-8' encoding to copy filtered resources.
[INFO] Copying 1 resource
[INFO] Copying 0 resource
[INFO] 
[INFO] --- maven-compiler-plugin:3.8.1:compile (default-compile) @ java ---
[INFO] Changes detected - recompiling the module!
[INFO] Compiling 5 source files to E:\CN9\FU_Submission_Webservice\submission\PracticalExams\Practical_Java_SE1402_20200407\Server\target\classes
[INFO] 
[INFO] --- maven-resources-plugin:3.1.0:testResources (default-testResources) @ java ---
[INFO] Using 'UTF-8' encoding to copy filtered resources.
[INFO] skip non existing resourceDirectory E:\CN9\FU_Submission_Webservice\submission\PracticalExams\Practical_Java_SE1402_20200407\Server\src\test\resources
[INFO] 
[INFO] --- maven-compiler-plugin:3.8.1:testCompile (default-testCompile) @ java ---
[INFO] Changes detected - recompiling the module!
[INFO] Compiling 3 source files to E:\CN9\FU_Submission_Webservice\submission\PracticalExams\Practical_Java_SE1402_20200407\Server\target\test-classes
[INFO] 
[INFO] --- maven-surefire-plugin:2.22.2:test (default-test) @ java ---
[INFO] 
[INFO] -------------------------------------------------------
[INFO]  T E S T S
[INFO] -------------------------------------------------------
[INFO] Running com.practicalexam.JavaApplicationTests
21:37:10.591 [main] DEBUG org.springframework.test.context.BootstrapUtils - Instantiating CacheAwareContextLoaderDelegate from class [org.springframework.test.context.cache.DefaultCacheAwareContextLoaderDelegate]
21:37:10.620 [main] DEBUG org.springframework.test.context.BootstrapUtils - Instantiating BootstrapContext using constructor [public org.springframework.test.context.support.DefaultBootstrapContext(java.lang.Class,org.springframework.test.context.CacheAwareContextLoaderDelegate)]
21:37:10.708 [main] DEBUG org.springframework.test.context.BootstrapUtils - Instantiating TestContextBootstrapper for test class [com.practicalexam.JavaApplicationTests] from class [org.springframework.boot.test.context.SpringBootTestContextBootstrapper]
21:37:10.768 [main] INFO org.springframework.boot.test.context.SpringBootTestContextBootstrapper - Neither @ContextConfiguration nor @ContextHierarchy found for test class [com.practicalexam.JavaApplicationTests], using SpringBootContextLoader
21:37:10.779 [main] DEBUG org.springframework.test.context.support.AbstractContextLoader - Did not detect default resource location for test class [com.practicalexam.JavaApplicationTests]: class path resource [com/practicalexam/JavaApplicationTests-context.xml] does not exist
21:37:10.781 [main] DEBUG org.springframework.test.context.support.AbstractContextLoader - Did not detect default resource location for test class [com.practicalexam.JavaApplicationTests]: class path resource [com/practicalexam/JavaApplicationTestsContext.groovy] does not exist
21:37:10.782 [main] INFO org.springframework.test.context.support.AbstractContextLoader - Could not detect default resource locations for test class [com.practicalexam.JavaApplicationTests]: no resource found for suffixes {-context.xml, Context.groovy}.
21:37:10.784 [main] INFO org.springframework.test.context.support.AnnotationConfigContextLoaderUtils - Could not detect default configuration classes for test class [com.practicalexam.JavaApplicationTests]: JavaApplicationTests does not declare any static, non-private, non-final, nested classes annotated with @Configuration.
21:37:10.890 [main] DEBUG org.springframework.test.context.support.ActiveProfilesUtils - Could not find an 'annotation declaring class' for annotation type [org.springframework.test.context.ActiveProfiles] and class [com.practicalexam.JavaApplicationTests]
21:37:11.070 [main] DEBUG org.springframework.context.annotation.ClassPathScanningCandidateComponentProvider - Identified candidate component class: file [E:\CN9\FU_Submission_Webservice\submission\PracticalExams\Practical_Java_SE1402_20200407\Server\target\classes\com\practicalexam\JavaApplication.class]
21:37:11.072 [main] INFO org.springframework.boot.test.context.SpringBootTestContextBootstrapper - Found @SpringBootConfiguration com.practicalexam.JavaApplication for test class com.practicalexam.JavaApplicationTests
21:37:11.318 [main] DEBUG org.springframework.boot.test.context.SpringBootTestContextBootstrapper - @TestExecutionListeners is not present for class [com.practicalexam.JavaApplicationTests]: using defaults.
21:37:11.319 [main] INFO org.springframework.boot.test.context.SpringBootTestContextBootstrapper - Loaded default TestExecutionListener class names from location [META-INF/spring.factories]: [org.springframework.boot.test.mock.mockito.MockitoTestExecutionListener, org.springframework.boot.test.mock.mockito.ResetMocksTestExecutionListener, org.springframework.boot.test.autoconfigure.restdocs.RestDocsTestExecutionListener, org.springframework.boot.test.autoconfigure.web.client.MockRestServiceServerResetTestExecutionListener, org.springframework.boot.test.autoconfigure.web.servlet.MockMvcPrintOnlyOnFailureTestExecutionListener, org.springframework.boot.test.autoconfigure.web.servlet.WebDriverTestExecutionListener, org.springframework.test.context.web.ServletTestExecutionListener, org.springframework.test.context.support.DirtiesContextBeforeModesTestExecutionListener, org.springframework.test.context.support.DependencyInjectionTestExecutionListener, org.springframework.test.context.support.DirtiesContextTestExecutionListener, org.springframework.test.context.transaction.TransactionalTestExecutionListener, org.springframework.test.context.jdbc.SqlScriptsTestExecutionListener, org.springframework.test.context.event.EventPublishingTestExecutionListener]
21:37:11.350 [main] DEBUG org.springframework.boot.test.context.SpringBootTestContextBootstrapper - Skipping candidate TestExecutionListener [org.springframework.test.context.transaction.TransactionalTestExecutionListener] due to a missing dependency. Specify custom listener classes or make the default listener classes and their required dependencies available. Offending class: [org/springframework/transaction/interceptor/TransactionAttributeSource]
21:37:11.354 [main] DEBUG org.springframework.boot.test.context.SpringBootTestContextBootstrapper - Skipping candidate TestExecutionListener [org.springframework.test.context.jdbc.SqlScriptsTestExecutionListener] due to a missing dependency. Specify custom listener classes or make the default listener classes and their required dependencies available. Offending class: [org/springframework/transaction/interceptor/TransactionAttribute]
21:37:11.359 [main] INFO org.springframework.boot.test.context.SpringBootTestContextBootstrapper - Using TestExecutionListeners: [org.springframework.test.context.web.ServletTestExecutionListener@58670130, org.springframework.test.context.support.DirtiesContextBeforeModesTestExecutionListener@74e47444, org.springframework.boot.test.mock.mockito.MockitoTestExecutionListener@9bd0fa6, org.springframework.boot.test.autoconfigure.SpringBootDependencyInjectionTestExecutionListener@59d2103b, org.springframework.test.context.support.DirtiesContextTestExecutionListener@39dcf4b0, org.springframework.test.context.event.EventPublishingTestExecutionListener@6e4de19b, org.springframework.boot.test.mock.mockito.ResetMocksTestExecutionListener@f6c03cb, org.springframework.boot.test.autoconfigure.restdocs.RestDocsTestExecutionListener@46f699d5, org.springframework.boot.test.autoconfigure.web.client.MockRestServiceServerResetTestExecutionListener@18518ccf, org.springframework.boot.test.autoconfigure.web.servlet.MockMvcPrintOnlyOnFailureTestExecutionListener@1991f767, org.springframework.boot.test.autoconfigure.web.servlet.WebDriverTestExecutionListener@768ccdc5]
21:37:11.386 [main] DEBUG org.springframework.test.context.support.AbstractDirtiesContextTestExecutionListener - Before test class: context [DefaultTestContext@18f20260 testClass = JavaApplicationTests, testInstance = [null], testMethod = [null], testException = [null], mergedContextConfiguration = [WebMergedContextConfiguration@4ae33a11 testClass = JavaApplicationTests, locations = '{}', classes = '{class com.practicalexam.JavaApplication}', contextInitializerClasses = '[]', activeProfiles = '{}', propertySourceLocations = '{}', propertySourceProperties = '{org.springframework.boot.test.context.SpringBootTestContextBootstrapper=true}', contextCustomizers = set[org.springframework.boot.test.context.filter.ExcludeFilterContextCustomizer@8ad6665, org.springframework.boot.test.json.DuplicateJsonObjectContextCustomizerFactory$DuplicateJsonObjectContextCustomizer@68b32e3e, org.springframework.boot.test.mock.mockito.MockitoContextCustomizer@0, org.springframework.boot.test.web.client.TestRestTemplateContextCustomizer@4ce1d6d0, org.springframework.boot.test.autoconfigure.properties.PropertyMappingContextCustomizer@0, org.springframework.boot.test.autoconfigure.web.servlet.WebDriverContextCustomizerFactory$Customizer@6995bf68], resourceBasePath = 'src/main/webapp', contextLoader = 'org.springframework.boot.test.context.SpringBootContextLoader', parent = [null]], attributes = map['org.springframework.test.context.web.ServletTestExecutionListener.activateListener' -> true]], class annotated with @DirtiesContext [false] with mode [null].
21:37:11.499 [main] DEBUG org.springframework.test.context.support.TestPropertySourceUtils - Adding inlined properties to environment: {spring.jmx.enabled=false, org.springframework.boot.test.context.SpringBootTestContextBootstrapper=true, server.port=-1}

  .   ____          _            __ _ _
 /\\ / ___'_ __ _ _(_)_ __  __ _ \ \ \ \
( ( )\___ | '_ | '_| | '_ \/ _` | \ \ \ \
 \\/  ___)| |_)| | | | | || (_| |  ) ) ) )
  '  |____| .__|_| |_|_| |_\__, | / / / /
 =========|_|==============|___/=/_/_/_/
 :: Spring Boot ::        (v2.2.4.RELEASE)

2020-04-10 21:37:12.338  INFO 16884 --- [           main] com.practicalexam.JavaApplicationTests   : Starting JavaApplicationTests on THUCNHSE63155 with PID 16884 (started by HP in E:\CN9\FU_Submission_Webservice\submission\PracticalExams\Practical_Java_SE1402_20200407\Server)
2020-04-10 21:37:12.341  INFO 16884 --- [           main] com.practicalexam.JavaApplicationTests   : No active profile set, falling back to default profiles: default
2020-04-10 21:37:15.889  INFO 16884 --- [           main] trationDelegate$BeanPostProcessorChecker : Bean 'org.springframework.ws.config.annotation.DelegatingWsConfiguration' of type [org.springframework.ws.config.annotation.DelegatingWsConfiguration$$EnhancerBySpringCGLIB$$b8423da0] is not eligible for getting processed by all BeanPostProcessors (for example: not eligible for auto-proxying)
2020-04-10 21:37:16.070  INFO 16884 --- [           main] .w.s.a.s.AnnotationActionEndpointMapping : Supporting [WS-Addressing August 2004, WS-Addressing 1.0]
2020-04-10 21:37:17.437  INFO 16884 --- [           main] o.s.s.concurrent.ThreadPoolTaskExecutor  : Initializing ExecutorService 'applicationTaskExecutor'
2020-04-10 21:37:18.476  INFO 16884 --- [           main] com.practicalexam.JavaApplicationTests   : Started JavaApplicationTests in 6.951 seconds (JVM running for 9.748)
Input shoes no #1/20
Input code: 
Input model: 
Input size: 
Input prize: 
|IA1406|Test Aborted for test: insertShoes()
Input shoes no #1/20
Input code: 
Input model: 
Input size: 
Input prize: 
|IA1406|Test Aborted for test: checkDuplicatedId()
Input shoes no #1/20
Input code: 
Input model: 
Input size: 
Input prize: 
|IA1406|Test Aborted for test: updateShoes()
Input shoes no #1/20
Input code: 
Input model: 
Input size: 
Input prize: 
|IA1406|Test Aborted for test: searchShoes()
Input shoes no #1/20
Input code: 
Input model: 
Input size: 
Input prize: 
|IA1406|Test Aborted for test: sortShoes()
Input shoes no #1/20
Input code: 
Input model: 
Input size: 
Input prize: 
|IA1406|Test Aborted for test: removeShoes()
E:\CN9\FU_Submission_Webservice\submission\PracticalExams\Practical_Java_SE1402_20200407\Server\src\test\java\com\practicalexam
E:\CN9\FU_Submission_Webservice\submission\PracticalExams\Practical_Java_SE1402_20200407\Server\src\test\java\com\practicalexam
[ERROR] Tests run: 6, Failures: 0, Errors: 6, Skipped: 0, Time elapsed: 9.035 s <<< FAILURE! - in com.practicalexam.JavaApplicationTests
[ERROR] insertShoes  Time elapsed: 0.728 s  <<< ERROR!
java.util.MissingFormatArgumentException: Format specifier '%4s'
	at com.practicalexam.JavaApplicationTests.insertShoes(EXAM_SE12345_Java_439576447.java:30)

[ERROR] checkDuplicatedId  Time elapsed: 0.019 s  <<< ERROR!
java.util.MissingFormatArgumentException: Format specifier '%4s'
	at com.practicalexam.JavaApplicationTests.checkDuplicatedId(EXAM_SE12345_Java_439576447.java:40)

[ERROR] updateShoes  Time elapsed: 0.009 s  <<< ERROR!
java.util.MissingFormatArgumentException: Format specifier '%4s'
	at com.practicalexam.JavaApplicationTests.updateShoes(EXAM_SE12345_Java_439576447.java:50)

[ERROR] searchShoes  Time elapsed: 0.014 s  <<< ERROR!
java.util.MissingFormatArgumentException: Format specifier '%4s'
	at com.practicalexam.JavaApplicationTests.searchShoes(EXAM_SE12345_Java_439576447.java:63)

[ERROR] sortShoes  Time elapsed: 0.014 s  <<< ERROR!
java.util.MissingFormatArgumentException: Format specifier '%4s'
	at com.practicalexam.JavaApplicationTests.sortShoes(EXAM_SE12345_Java_439576447.java:76)

[ERROR] removeShoes  Time elapsed: 0.012 s  <<< ERROR!
java.util.MissingFormatArgumentException: Format specifier '%4s'
	at com.practicalexam.JavaApplicationTests.removeShoes(EXAM_SE12345_Java_439576447.java:89)

2020-04-10 21:37:19.550  INFO 16884 --- [extShutdownHook] o.s.s.concurrent.ThreadPoolTaskExecutor  : Shutting down ExecutorService 'applicationTaskExecutor'
[INFO] 
[INFO] Results:
[INFO] 
[ERROR] Errors: 
[ERROR]   JavaApplicationTests.checkDuplicatedId:40 � MissingFormatArgument Format speci...
[ERROR]   JavaApplicationTests.insertShoes:30 � MissingFormatArgument Format specifier '...
[ERROR]   JavaApplicationTests.removeShoes:89 � MissingFormatArgument Format specifier '...
[ERROR]   JavaApplicationTests.searchShoes:63 � MissingFormatArgument Format specifier '...
[ERROR]   JavaApplicationTests.sortShoes:76 � MissingFormatArgument Format specifier '%4...
[ERROR]   JavaApplicationTests.updateShoes:50 � MissingFormatArgument Format specifier '...
[INFO] 
[ERROR] Tests run: 6, Failures: 0, Errors: 6, Skipped: 0
[INFO] 
[INFO] ------------------------------------------------------------------------
[INFO] BUILD FAILURE
[INFO] ------------------------------------------------------------------------
[INFO] Total time:  25.573 s
[INFO] Finished at: 2020-04-10T21:37:19+07:00
[INFO] ------------------------------------------------------------------------
[ERROR] Failed to execute goal org.apache.maven.plugins:maven-surefire-plugin:2.22.2:test (default-test) on project java: There are test failures.
[ERROR] 
[ERROR] Please refer to E:\CN9\FU_Submission_Webservice\submission\PracticalExams\Practical_Java_SE1402_20200407\Server\target\surefire-reports for the individual test results.
[ERROR] Please refer to dump files (if any exist) [date].dump, [date]-jvmRun[N].dump and [date].dumpstream.
[ERROR] -> [Help 1]
[ERROR] 
[ERROR] To see the full stack trace of the errors, re-run Maven with the -e switch.
[ERROR] Re-run Maven using the -X switch to enable full debug logging.
[ERROR] 
[ERROR] For more information about the errors and possible solutions, please read the following articles:
[ERROR] [Help 1] http://cwiki.apache.org/confluence/display/MAVEN/MojoFailureException
--------------------------------------------------------
SE12345
--------------------------------------------------------
[INFO] Scanning for projects...
[INFO] 
[INFO] -----------------------< com.fpt.practical:java >-----------------------
[INFO] Building java 0.0.1-SNAPSHOT
[INFO] --------------------------------[ jar ]---------------------------------
[INFO] 
[INFO] --- maven-clean-plugin:3.1.0:clean (default-clean) @ java ---
[INFO] Deleting E:\CN9\FU_Submission_Webservice\submission\PracticalExams\Practical_Java_SE1402_20200407\Server\target
[INFO] 
[INFO] --- maven-resources-plugin:3.1.0:resources (default-resources) @ java ---
[INFO] Using 'UTF-8' encoding to copy filtered resources.
[INFO] Copying 1 resource
[INFO] Copying 0 resource
[INFO] 
[INFO] --- maven-compiler-plugin:3.8.1:compile (default-compile) @ java ---
[INFO] Changes detected - recompiling the module!
[INFO] Compiling 5 source files to E:\CN9\FU_Submission_Webservice\submission\PracticalExams\Practical_Java_SE1402_20200407\Server\target\classes
[INFO] 
[INFO] --- maven-resources-plugin:3.1.0:testResources (default-testResources) @ java ---
[INFO] Using 'UTF-8' encoding to copy filtered resources.
[INFO] skip non existing resourceDirectory E:\CN9\FU_Submission_Webservice\submission\PracticalExams\Practical_Java_SE1402_20200407\Server\src\test\resources
[INFO] 
[INFO] --- maven-compiler-plugin:3.8.1:testCompile (default-testCompile) @ java ---
[INFO] Changes detected - recompiling the module!
[INFO] Compiling 3 source files to E:\CN9\FU_Submission_Webservice\submission\PracticalExams\Practical_Java_SE1402_20200407\Server\target\test-classes
[INFO] 
[INFO] --- maven-surefire-plugin:2.22.2:test (default-test) @ java ---
[INFO] 
[INFO] -------------------------------------------------------
[INFO]  T E S T S
[INFO] -------------------------------------------------------
[INFO] Running com.practicalexam.JavaApplicationTests
21:38:50.669 [main] DEBUG org.springframework.test.context.BootstrapUtils - Instantiating CacheAwareContextLoaderDelegate from class [org.springframework.test.context.cache.DefaultCacheAwareContextLoaderDelegate]
21:38:50.701 [main] DEBUG org.springframework.test.context.BootstrapUtils - Instantiating BootstrapContext using constructor [public org.springframework.test.context.support.DefaultBootstrapContext(java.lang.Class,org.springframework.test.context.CacheAwareContextLoaderDelegate)]
21:38:50.756 [main] DEBUG org.springframework.test.context.BootstrapUtils - Instantiating TestContextBootstrapper for test class [com.practicalexam.JavaApplicationTests] from class [org.springframework.boot.test.context.SpringBootTestContextBootstrapper]
21:38:50.794 [main] INFO org.springframework.boot.test.context.SpringBootTestContextBootstrapper - Neither @ContextConfiguration nor @ContextHierarchy found for test class [com.practicalexam.JavaApplicationTests], using SpringBootContextLoader
21:38:50.801 [main] DEBUG org.springframework.test.context.support.AbstractContextLoader - Did not detect default resource location for test class [com.practicalexam.JavaApplicationTests]: class path resource [com/practicalexam/JavaApplicationTests-context.xml] does not exist
21:38:50.802 [main] DEBUG org.springframework.test.context.support.AbstractContextLoader - Did not detect default resource location for test class [com.practicalexam.JavaApplicationTests]: class path resource [com/practicalexam/JavaApplicationTestsContext.groovy] does not exist
21:38:50.802 [main] INFO org.springframework.test.context.support.AbstractContextLoader - Could not detect default resource locations for test class [com.practicalexam.JavaApplicationTests]: no resource found for suffixes {-context.xml, Context.groovy}.
21:38:50.806 [main] INFO org.springframework.test.context.support.AnnotationConfigContextLoaderUtils - Could not detect default configuration classes for test class [com.practicalexam.JavaApplicationTests]: JavaApplicationTests does not declare any static, non-private, non-final, nested classes annotated with @Configuration.
21:38:50.868 [main] DEBUG org.springframework.test.context.support.ActiveProfilesUtils - Could not find an 'annotation declaring class' for annotation type [org.springframework.test.context.ActiveProfiles] and class [com.practicalexam.JavaApplicationTests]
21:38:51.002 [main] DEBUG org.springframework.context.annotation.ClassPathScanningCandidateComponentProvider - Identified candidate component class: file [E:\CN9\FU_Submission_Webservice\submission\PracticalExams\Practical_Java_SE1402_20200407\Server\target\classes\com\practicalexam\JavaApplication.class]
21:38:51.006 [main] INFO org.springframework.boot.test.context.SpringBootTestContextBootstrapper - Found @SpringBootConfiguration com.practicalexam.JavaApplication for test class com.practicalexam.JavaApplicationTests
21:38:51.243 [main] DEBUG org.springframework.boot.test.context.SpringBootTestContextBootstrapper - @TestExecutionListeners is not present for class [com.practicalexam.JavaApplicationTests]: using defaults.
21:38:51.245 [main] INFO org.springframework.boot.test.context.SpringBootTestContextBootstrapper - Loaded default TestExecutionListener class names from location [META-INF/spring.factories]: [org.springframework.boot.test.mock.mockito.MockitoTestExecutionListener, org.springframework.boot.test.mock.mockito.ResetMocksTestExecutionListener, org.springframework.boot.test.autoconfigure.restdocs.RestDocsTestExecutionListener, org.springframework.boot.test.autoconfigure.web.client.MockRestServiceServerResetTestExecutionListener, org.springframework.boot.test.autoconfigure.web.servlet.MockMvcPrintOnlyOnFailureTestExecutionListener, org.springframework.boot.test.autoconfigure.web.servlet.WebDriverTestExecutionListener, org.springframework.test.context.web.ServletTestExecutionListener, org.springframework.test.context.support.DirtiesContextBeforeModesTestExecutionListener, org.springframework.test.context.support.DependencyInjectionTestExecutionListener, org.springframework.test.context.support.DirtiesContextTestExecutionListener, org.springframework.test.context.transaction.TransactionalTestExecutionListener, org.springframework.test.context.jdbc.SqlScriptsTestExecutionListener, org.springframework.test.context.event.EventPublishingTestExecutionListener]
21:38:51.268 [main] DEBUG org.springframework.boot.test.context.SpringBootTestContextBootstrapper - Skipping candidate TestExecutionListener [org.springframework.test.context.transaction.TransactionalTestExecutionListener] due to a missing dependency. Specify custom listener classes or make the default listener classes and their required dependencies available. Offending class: [org/springframework/transaction/interceptor/TransactionAttributeSource]
21:38:51.271 [main] DEBUG org.springframework.boot.test.context.SpringBootTestContextBootstrapper - Skipping candidate TestExecutionListener [org.springframework.test.context.jdbc.SqlScriptsTestExecutionListener] due to a missing dependency. Specify custom listener classes or make the default listener classes and their required dependencies available. Offending class: [org/springframework/transaction/interceptor/TransactionAttribute]
21:38:51.272 [main] INFO org.springframework.boot.test.context.SpringBootTestContextBootstrapper - Using TestExecutionListeners: [org.springframework.test.context.web.ServletTestExecutionListener@58670130, org.springframework.test.context.support.DirtiesContextBeforeModesTestExecutionListener@74e47444, org.springframework.boot.test.mock.mockito.MockitoTestExecutionListener@9bd0fa6, org.springframework.boot.test.autoconfigure.SpringBootDependencyInjectionTestExecutionListener@59d2103b, org.springframework.test.context.support.DirtiesContextTestExecutionListener@39dcf4b0, org.springframework.test.context.event.EventPublishingTestExecutionListener@6e4de19b, org.springframework.boot.test.mock.mockito.ResetMocksTestExecutionListener@f6c03cb, org.springframework.boot.test.autoconfigure.restdocs.RestDocsTestExecutionListener@46f699d5, org.springframework.boot.test.autoconfigure.web.client.MockRestServiceServerResetTestExecutionListener@18518ccf, org.springframework.boot.test.autoconfigure.web.servlet.MockMvcPrintOnlyOnFailureTestExecutionListener@1991f767, org.springframework.boot.test.autoconfigure.web.servlet.WebDriverTestExecutionListener@768ccdc5]
21:38:51.280 [main] DEBUG org.springframework.test.context.support.AbstractDirtiesContextTestExecutionListener - Before test class: context [DefaultTestContext@18f20260 testClass = JavaApplicationTests, testInstance = [null], testMethod = [null], testException = [null], mergedContextConfiguration = [WebMergedContextConfiguration@4ae33a11 testClass = JavaApplicationTests, locations = '{}', classes = '{class com.practicalexam.JavaApplication}', contextInitializerClasses = '[]', activeProfiles = '{}', propertySourceLocations = '{}', propertySourceProperties = '{org.springframework.boot.test.context.SpringBootTestContextBootstrapper=true}', contextCustomizers = set[org.springframework.boot.test.context.filter.ExcludeFilterContextCustomizer@8ad6665, org.springframework.boot.test.json.DuplicateJsonObjectContextCustomizerFactory$DuplicateJsonObjectContextCustomizer@68b32e3e, org.springframework.boot.test.mock.mockito.MockitoContextCustomizer@0, org.springframework.boot.test.web.client.TestRestTemplateContextCustomizer@4ce1d6d0, org.springframework.boot.test.autoconfigure.properties.PropertyMappingContextCustomizer@0, org.springframework.boot.test.autoconfigure.web.servlet.WebDriverContextCustomizerFactory$Customizer@6995bf68], resourceBasePath = 'src/main/webapp', contextLoader = 'org.springframework.boot.test.context.SpringBootContextLoader', parent = [null]], attributes = map['org.springframework.test.context.web.ServletTestExecutionListener.activateListener' -> true]], class annotated with @DirtiesContext [false] with mode [null].
21:38:51.330 [main] DEBUG org.springframework.test.context.support.TestPropertySourceUtils - Adding inlined properties to environment: {spring.jmx.enabled=false, org.springframework.boot.test.context.SpringBootTestContextBootstrapper=true, server.port=-1}

  .   ____          _            __ _ _
 /\\ / ___'_ __ _ _(_)_ __  __ _ \ \ \ \
( ( )\___ | '_ | '_| | '_ \/ _` | \ \ \ \
 \\/  ___)| |_)| | | | | || (_| |  ) ) ) )
  '  |____| .__|_| |_|_| |_\__, | / / / /
 =========|_|==============|___/=/_/_/_/
 :: Spring Boot ::        (v2.2.4.RELEASE)

2020-04-10 21:38:51.990  INFO 10880 --- [           main] com.practicalexam.JavaApplicationTests   : Starting JavaApplicationTests on THUCNHSE63155 with PID 10880 (started by HP in E:\CN9\FU_Submission_Webservice\submission\PracticalExams\Practical_Java_SE1402_20200407\Server)
2020-04-10 21:38:51.994  INFO 10880 --- [           main] com.practicalexam.JavaApplicationTests   : No active profile set, falling back to default profiles: default
2020-04-10 21:38:54.629  INFO 10880 --- [           main] trationDelegate$BeanPostProcessorChecker : Bean 'org.springframework.ws.config.annotation.DelegatingWsConfiguration' of type [org.springframework.ws.config.annotation.DelegatingWsConfiguration$$EnhancerBySpringCGLIB$$fa48ac00] is not eligible for getting processed by all BeanPostProcessors (for example: not eligible for auto-proxying)
2020-04-10 21:38:54.828  INFO 10880 --- [           main] .w.s.a.s.AnnotationActionEndpointMapping : Supporting [WS-Addressing August 2004, WS-Addressing 1.0]
2020-04-10 21:38:56.018  INFO 10880 --- [           main] o.s.s.concurrent.ThreadPoolTaskExecutor  : Initializing ExecutorService 'applicationTaskExecutor'
2020-04-10 21:38:56.959  INFO 10880 --- [           main] com.practicalexam.JavaApplicationTests   : Started JavaApplicationTests in 5.616 seconds (JVM running for 8.16)
Input shoes no #1/20
Input code: 
Input model: 
Input size: 
Input prize: 
|IA1406|Test Aborted for test: insertShoes()
Input shoes no #1/20
Input code: 
Input model: 
Input size: 
Input prize: 
|IA1406|Test Aborted for test: checkDuplicatedId()
Input shoes no #1/20
Input code: 
Input model: 
Input size: 
Input prize: 
|IA1406|Test Aborted for test: updateShoes()
Input shoes no #1/20
Input code: 
Input model: 
Input size: 
Input prize: 
|IA1406|Test Aborted for test: searchShoes()
Input shoes no #1/20
Input code: 
Input model: 
Input size: 
Input prize: 
|IA1406|Test Aborted for test: sortShoes()
Input shoes no #1/20
Input code: 
Input model: 
Input size: 
Input prize: 
|IA1406|Test Aborted for test: removeShoes()
E:\CN9\FU_Submission_Webservice\submission\PracticalExams\Practical_Java_SE1402_20200407\Server\src\test\java\com\practicalexam
E:\CN9\FU_Submission_Webservice\submission\PracticalExams\Practical_Java_SE1402_20200407\Server\src\test\java\com\practicalexam
[ERROR] Tests run: 6, Failures: 0, Errors: 6, Skipped: 0, Time elapsed: 7.598 s <<< FAILURE! - in com.practicalexam.JavaApplicationTests
[ERROR] insertShoes  Time elapsed: 0.901 s  <<< ERROR!
java.util.MissingFormatArgumentException: Format specifier '%4s'
	at com.practicalexam.JavaApplicationTests.insertShoes(EXAM_SE12345_Java_439576447.java:30)

[ERROR] checkDuplicatedId  Time elapsed: 0.049 s  <<< ERROR!
java.util.MissingFormatArgumentException: Format specifier '%4s'
	at com.practicalexam.JavaApplicationTests.checkDuplicatedId(EXAM_SE12345_Java_439576447.java:40)

[ERROR] updateShoes  Time elapsed: 0.013 s  <<< ERROR!
java.util.MissingFormatArgumentException: Format specifier '%4s'
	at com.practicalexam.JavaApplicationTests.updateShoes(EXAM_SE12345_Java_439576447.java:50)

[ERROR] searchShoes  Time elapsed: 0.014 s  <<< ERROR!
java.util.MissingFormatArgumentException: Format specifier '%4s'
	at com.practicalexam.JavaApplicationTests.searchShoes(EXAM_SE12345_Java_439576447.java:63)

[ERROR] sortShoes  Time elapsed: 0.019 s  <<< ERROR!
java.util.MissingFormatArgumentException: Format specifier '%4s'
	at com.practicalexam.JavaApplicationTests.sortShoes(EXAM_SE12345_Java_439576447.java:76)

[ERROR] removeShoes  Time elapsed: 0.011 s  <<< ERROR!
java.util.MissingFormatArgumentException: Format specifier '%4s'
	at com.practicalexam.JavaApplicationTests.removeShoes(EXAM_SE12345_Java_439576447.java:89)

2020-04-10 21:38:58.189  INFO 10880 --- [extShutdownHook] o.s.s.concurrent.ThreadPoolTaskExecutor  : Shutting down ExecutorService 'applicationTaskExecutor'
[INFO] 
[INFO] Results:
[INFO] 
[ERROR] Errors: 
[ERROR]   JavaApplicationTests.checkDuplicatedId:40 � MissingFormatArgument Format speci...
[ERROR]   JavaApplicationTests.insertShoes:30 � MissingFormatArgument Format specifier '...
[ERROR]   JavaApplicationTests.removeShoes:89 � MissingFormatArgument Format specifier '...
[ERROR]   JavaApplicationTests.searchShoes:63 � MissingFormatArgument Format specifier '...
[ERROR]   JavaApplicationTests.sortShoes:76 � MissingFormatArgument Format specifier '%4...
[ERROR]   JavaApplicationTests.updateShoes:50 � MissingFormatArgument Format specifier '...
[INFO] 
[ERROR] Tests run: 6, Failures: 0, Errors: 6, Skipped: 0
[INFO] 
[INFO] ------------------------------------------------------------------------
[INFO] BUILD FAILURE
[INFO] ------------------------------------------------------------------------
[INFO] Total time:  24.080 s
[INFO] Finished at: 2020-04-10T21:38:58+07:00
[INFO] ------------------------------------------------------------------------
[ERROR] Failed to execute goal org.apache.maven.plugins:maven-surefire-plugin:2.22.2:test (default-test) on project java: There are test failures.
[ERROR] 
[ERROR] Please refer to E:\CN9\FU_Submission_Webservice\submission\PracticalExams\Practical_Java_SE1402_20200407\Server\target\surefire-reports for the individual test results.
[ERROR] Please refer to dump files (if any exist) [date].dump, [date]-jvmRun[N].dump and [date].dumpstream.
[ERROR] -> [Help 1]
[ERROR] 
[ERROR] To see the full stack trace of the errors, re-run Maven with the -e switch.
[ERROR] Re-run Maven using the -X switch to enable full debug logging.
[ERROR] 
[ERROR] For more information about the errors and possible solutions, please read the following articles:
[ERROR] [Help 1] http://cwiki.apache.org/confluence/display/MAVEN/MojoFailureException
